Started GET "/" for ::1 at 2021-02-23 10:54:45 -0500
  [1m[35m (17.4ms)[0m  [1m[34mSELECT sqlite_version(*)[0m
Processing by Rails::WelcomeController#index as HTML
  Rendering C:/Ruby27-x64/lib/ruby/gems/2.7.0/gems/railties-6.1.3/lib/rails/templates/rails/welcome/index.html.erb
  Rendered C:/Ruby27-x64/lib/ruby/gems/2.7.0/gems/railties-6.1.3/lib/rails/templates/rails/welcome/index.html.erb (Duration: 51.0ms | Allocations: 466)
Completed 200 OK in 185ms (Views: 97.1ms | ActiveRecord: 0.0ms | Allocations: 3845)


  [1m[35m (0.6ms)[0m  [1m[34mSELECT sqlite_version(*)[0m
  [1m[35m (16.3ms)[0m  [1m[35mCREATE TABLE "schema_migrations" ("version" varchar NOT NULL PRIMARY KEY)[0m
  [1m[35m (10.7ms)[0m  [1m[35mCREATE TABLE "ar_internal_metadata" ("key" varchar NOT NULL PRIMARY KEY, "value" varchar, "created_at" datetime(6) NOT NULL, "updated_at" datetime(6) NOT NULL)[0m
  [1m[35m (0.3ms)[0m  [1m[34mSELECT "schema_migrations"."version" FROM "schema_migrations" ORDER BY "schema_migrations"."version" ASC[0m
Migrating to CreateIdeas (20210223155534)
  [1m[36mTRANSACTION (0.1ms)[0m  [1m[36mbegin transaction[0m
  [1m[35m (0.8ms)[0m  [1m[35mCREATE TABLE "ideas" ("id" integer PRIMARY KEY AUTOINCREMENT NOT NULL, "name" varchar, "description" text, "picture" varchar, "created_at" datetime(6) NOT NULL, "updated_at" datetime(6) NOT NULL)[0m
  [1m[36mActiveRecord::SchemaMigration Create (0.2ms)[0m  [1m[32mINSERT INTO "schema_migrations" ("version") VALUES (?)[0m  [["version", "20210223155534"]]
  [1m[36mTRANSACTION (9.2ms)[0m  [1m[36mcommit transaction[0m
  [1m[36mActiveRecord::InternalMetadata Load (0.3ms)[0m  [1m[34mSELECT "ar_internal_metadata".* FROM "ar_internal_metadata" WHERE "ar_internal_metadata"."key" = ? LIMIT ?[0m  [["key", "environment"], ["LIMIT", 1]]
  [1m[36mTRANSACTION (0.1ms)[0m  [1m[36mbegin transaction[0m
  [1m[36mActiveRecord::InternalMetadata Create (0.7ms)[0m  [1m[32mINSERT INTO "ar_internal_metadata" ("key", "value", "created_at", "updated_at") VALUES (?, ?, ?, ?)[0m  [["key", "environment"], ["value", "development"], ["created_at", "2021-02-23 15:55:49.247650"], ["updated_at", "2021-02-23 15:55:49.247650"]]
  [1m[36mTRANSACTION (10.8ms)[0m  [1m[36mcommit transaction[0m
  [1m[35m (0.1ms)[0m  [1m[34mSELECT sqlite_version(*)[0m
  [1m[35m (0.1ms)[0m  [1m[34mSELECT "schema_migrations"."version" FROM "schema_migrations" ORDER BY "schema_migrations"."version" ASC[0m
Started GET "/ideas" for ::1 at 2021-02-23 10:56:00 -0500
  [1m[35m (0.6ms)[0m  [1m[34mSELECT sqlite_version(*)[0m
  [1m[35m (0.2ms)[0m  [1m[34mSELECT "schema_migrations"."version" FROM "schema_migrations" ORDER BY "schema_migrations"."version" ASC[0m
Processing by IdeasController#index as HTML
  Rendering layout layouts/application.html.erb
  Rendering ideas/index.html.erb within layouts/application
  [1m[36mIdea Load (0.2ms)[0m  [1m[34mSELECT "ideas".* FROM "ideas"[0m
  ↳ app/views/ideas/index.html.erb:16
  Rendered ideas/index.html.erb within layouts/application (Duration: 5.6ms | Allocations: 1142)
[Webpacker] Compiling...
[Webpacker] Compiled all packs in C:/Users/gayat/project/Therify/public/packs
[Webpacker] Hash: e332c6419728fac579d5
Version: webpack 4.46.0
Time: 2053ms
Built at: 02/23/2021 10:56:05 AM
                                     Asset       Size       Chunks                         Chunk Names
    js/application-f826770d917d8a37c1d8.js    125 KiB  application  [emitted] [immutable]  application
js/application-f826770d917d8a37c1d8.js.map    139 KiB  application  [emitted] [dev]        application
                             manifest.json  364 bytes               [emitted]              
Entrypoint application = js/application-f826770d917d8a37c1d8.js js/application-f826770d917d8a37c1d8.js.map
[./app/javascript/channels sync recursive _channel\.js$] ./app/javascript/channels sync _channel\.js$ 160 bytes {application} [built]
[./app/javascript/channels/index.js] 211 bytes {application} [built]
[./app/javascript/packs/application.js] 492 bytes {application} [built]
[./node_modules/webpack/buildin/module.js] (webpack)/buildin/module.js 552 bytes {application} [built]
    + 3 hidden modules

  Rendered layout layouts/application.html.erb (Duration: 5712.8ms | Allocations: 23946)
Completed 200 OK in 5742ms (Views: 5718.6ms | ActiveRecord: 0.2ms | Allocations: 26879)


Started GET "/" for ::1 at 2021-02-23 12:07:42 -0500
Started GET "/ideas" for ::1 at 2021-02-23 12:07:43 -0500
Processing by IdeasController#index as HTML
  Rendering layout layouts/application.html.erb
  Rendering ideas/index.html.erb within layouts/application
  [1m[35m (0.1ms)[0m  [1m[34mSELECT sqlite_version(*)[0m
  ↳ app/views/ideas/index.html.erb:16
  [1m[36mIdea Load (0.4ms)[0m  [1m[34mSELECT "ideas".* FROM "ideas"[0m
  ↳ app/views/ideas/index.html.erb:16
  Rendered ideas/index.html.erb within layouts/application (Duration: 18.5ms | Allocations: 1681)
[Webpacker] Everything's up-to-date. Nothing to do
  Rendered layout layouts/application.html.erb (Duration: 280.4ms | Allocations: 12215)
Completed 200 OK in 298ms (Views: 288.2ms | ActiveRecord: 2.1ms | Allocations: 13646)


Started GET "/" for ::1 at 2021-02-23 12:10:46 -0500
Started GET "/ideas" for ::1 at 2021-02-23 12:10:47 -0500
Processing by IdeasController#index as HTML
  Rendering layout layouts/application.html.erb
  Rendering ideas/index.html.erb within layouts/application
  [1m[36mIdea Load (0.5ms)[0m  [1m[34mSELECT "ideas".* FROM "ideas"[0m
  ↳ app/views/ideas/index.html.erb:16
  Rendered ideas/index.html.erb within layouts/application (Duration: 17.7ms | Allocations: 716)
[Webpacker] Everything's up-to-date. Nothing to do
  Rendered layout layouts/application.html.erb (Duration: 102.5ms | Allocations: 4871)
Completed 200 OK in 106ms (Views: 104.1ms | ActiveRecord: 0.5ms | Allocations: 5275)


Started GET "/" for ::1 at 2021-02-23 12:10:48 -0500
Started GET "/ideas" for ::1 at 2021-02-23 12:10:48 -0500
Processing by IdeasController#index as HTML
  Rendering layout layouts/application.html.erb
  Rendering ideas/index.html.erb within layouts/application
  [1m[36mIdea Load (0.4ms)[0m  [1m[34mSELECT "ideas".* FROM "ideas"[0m
  ↳ app/views/ideas/index.html.erb:16
  Rendered ideas/index.html.erb within layouts/application (Duration: 6.1ms | Allocations: 703)
[Webpacker] Everything's up-to-date. Nothing to do
  Rendered layout layouts/application.html.erb (Duration: 62.7ms | Allocations: 4826)
Completed 200 OK in 65ms (Views: 64.0ms | ActiveRecord: 0.4ms | Allocations: 5219)


Started GET "/ideas" for ::1 at 2021-02-23 12:10:49 -0500
Processing by IdeasController#index as HTML
  Rendering layout layouts/application.html.erb
  Rendering ideas/index.html.erb within layouts/application
  [1m[36mIdea Load (0.5ms)[0m  [1m[34mSELECT "ideas".* FROM "ideas"[0m
  ↳ app/views/ideas/index.html.erb:16
  Rendered ideas/index.html.erb within layouts/application (Duration: 5.6ms | Allocations: 702)
[Webpacker] Everything's up-to-date. Nothing to do
  Rendered layout layouts/application.html.erb (Duration: 71.6ms | Allocations: 4825)
Completed 200 OK in 74ms (Views: 72.9ms | ActiveRecord: 0.5ms | Allocations: 5218)


Started GET "/" for ::1 at 2021-02-23 12:10:51 -0500
Started GET "/ideas" for ::1 at 2021-02-23 12:10:51 -0500
Processing by IdeasController#index as HTML
  Rendering layout layouts/application.html.erb
  Rendering ideas/index.html.erb within layouts/application
  [1m[36mIdea Load (0.3ms)[0m  [1m[34mSELECT "ideas".* FROM "ideas"[0m
  ↳ app/views/ideas/index.html.erb:16
  Rendered ideas/index.html.erb within layouts/application (Duration: 5.7ms | Allocations: 711)
[Webpacker] Everything's up-to-date. Nothing to do
  Rendered layout layouts/application.html.erb (Duration: 68.2ms | Allocations: 4864)
Completed 200 OK in 71ms (Views: 69.6ms | ActiveRecord: 0.3ms | Allocations: 5268)


Started GET "/ideas" for ::1 at 2021-02-23 12:10:53 -0500
Processing by IdeasController#index as HTML
  Rendering layout layouts/application.html.erb
  Rendering ideas/index.html.erb within layouts/application
  [1m[36mIdea Load (0.3ms)[0m  [1m[34mSELECT "ideas".* FROM "ideas"[0m
  ↳ app/views/ideas/index.html.erb:16
  Rendered ideas/index.html.erb within layouts/application (Duration: 5.8ms | Allocations: 702)
[Webpacker] Everything's up-to-date. Nothing to do
  Rendered layout layouts/application.html.erb (Duration: 73.9ms | Allocations: 4827)
Completed 200 OK in 77ms (Views: 75.3ms | ActiveRecord: 0.3ms | Allocations: 5220)


Started GET "/" for ::1 at 2021-02-23 12:10:54 -0500
Started GET "/ideas" for ::1 at 2021-02-23 12:10:55 -0500
Processing by IdeasController#index as HTML
  Rendering layout layouts/application.html.erb
  Rendering ideas/index.html.erb within layouts/application
  [1m[36mIdea Load (0.4ms)[0m  [1m[34mSELECT "ideas".* FROM "ideas"[0m
  ↳ app/views/ideas/index.html.erb:16
  Rendered ideas/index.html.erb within layouts/application (Duration: 5.6ms | Allocations: 703)
[Webpacker] Everything's up-to-date. Nothing to do
  Rendered layout layouts/application.html.erb (Duration: 63.2ms | Allocations: 4860)
Completed 200 OK in 74ms (Views: 72.1ms | ActiveRecord: 0.4ms | Allocations: 5254)


Started GET "/ideas" for ::1 at 2021-02-23 12:10:56 -0500
Processing by IdeasController#index as HTML
  Rendering layout layouts/application.html.erb
  Rendering ideas/index.html.erb within layouts/application
  [1m[36mIdea Load (0.5ms)[0m  [1m[34mSELECT "ideas".* FROM "ideas"[0m
  ↳ app/views/ideas/index.html.erb:16
  Rendered ideas/index.html.erb within layouts/application (Duration: 5.1ms | Allocations: 711)
[Webpacker] Everything's up-to-date. Nothing to do
  Rendered layout layouts/application.html.erb (Duration: 76.4ms | Allocations: 4836)
Completed 200 OK in 79ms (Views: 77.9ms | ActiveRecord: 0.5ms | Allocations: 5240)


Started GET "/ideas" for ::1 at 2021-02-23 12:11:59 -0500
Processing by IdeasController#index as HTML
  Rendering layout layouts/application.html.erb
  Rendering ideas/index.html.erb within layouts/application
  [1m[36mIdea Load (0.4ms)[0m  [1m[34mSELECT "ideas".* FROM "ideas"[0m
  ↳ app/views/ideas/index.html.erb:16
  Rendered ideas/index.html.erb within layouts/application (Duration: 6.1ms | Allocations: 960)
[Webpacker] Everything's up-to-date. Nothing to do
  Rendered layout layouts/application.html.erb (Duration: 62.7ms | Allocations: 5303)
Completed 200 OK in 77ms (Views: 72.3ms | ActiveRecord: 0.4ms | Allocations: 6411)


Started GET "/ideas" for ::1 at 2021-02-23 12:12:02 -0500
Processing by IdeasController#index as HTML
  Rendering layout layouts/application.html.erb
  Rendering ideas/index.html.erb within layouts/application
  [1m[36mIdea Load (0.2ms)[0m  [1m[34mSELECT "ideas".* FROM "ideas"[0m
  ↳ app/views/ideas/index.html.erb:16
  Rendered ideas/index.html.erb within layouts/application (Duration: 3.2ms | Allocations: 709)
[Webpacker] Everything's up-to-date. Nothing to do
  Rendered layout layouts/application.html.erb (Duration: 64.7ms | Allocations: 4833)
Completed 200 OK in 66ms (Views: 65.6ms | ActiveRecord: 0.2ms | Allocations: 5224)


Started GET "/" for ::1 at 2021-02-23 12:12:09 -0500
Started GET "/ideas" for ::1 at 2021-02-23 12:12:10 -0500
Processing by IdeasController#index as HTML
  Rendering layout layouts/application.html.erb
  Rendering ideas/index.html.erb within layouts/application
  [1m[36mIdea Load (0.5ms)[0m  [1m[34mSELECT "ideas".* FROM "ideas"[0m
  ↳ app/views/ideas/index.html.erb:16
  Rendered ideas/index.html.erb within layouts/application (Duration: 5.4ms | Allocations: 704)
[Webpacker] Everything's up-to-date. Nothing to do
  Rendered layout layouts/application.html.erb (Duration: 54.4ms | Allocations: 4861)
Completed 200 OK in 57ms (Views: 55.6ms | ActiveRecord: 0.5ms | Allocations: 5255)


Started GET "/ideas" for ::1 at 2021-02-23 12:12:12 -0500
Processing by IdeasController#index as HTML
  Rendering layout layouts/application.html.erb
  Rendering ideas/index.html.erb within layouts/application
  [1m[36mIdea Load (0.4ms)[0m  [1m[34mSELECT "ideas".* FROM "ideas"[0m
  ↳ app/views/ideas/index.html.erb:16
  Rendered ideas/index.html.erb within layouts/application (Duration: 16.4ms | Allocations: 703)
[Webpacker] Everything's up-to-date. Nothing to do
  Rendered layout layouts/application.html.erb (Duration: 74.7ms | Allocations: 4833)
Completed 200 OK in 77ms (Views: 75.9ms | ActiveRecord: 0.4ms | Allocations: 5227)


Started GET "/" for ::1 at 2021-02-23 12:12:14 -0500
Started GET "/ideas" for ::1 at 2021-02-23 12:12:14 -0500
Processing by IdeasController#index as HTML
  Rendering layout layouts/application.html.erb
  Rendering ideas/index.html.erb within layouts/application
  [1m[36mIdea Load (0.4ms)[0m  [1m[34mSELECT "ideas".* FROM "ideas"[0m
  ↳ app/views/ideas/index.html.erb:16
  Rendered ideas/index.html.erb within layouts/application (Duration: 5.7ms | Allocations: 729)
[Webpacker] Everything's up-to-date. Nothing to do
  Rendered layout layouts/application.html.erb (Duration: 70.1ms | Allocations: 4852)
Completed 200 OK in 73ms (Views: 71.3ms | ActiveRecord: 0.4ms | Allocations: 5245)


Started GET "/" for ::1 at 2021-02-23 12:25:22 -0500
Started GET "/ideas" for ::1 at 2021-02-23 12:25:22 -0500
Processing by IdeasController#index as HTML
  Rendering layout layouts/application.html.erb
  Rendering ideas/index.html.erb within layouts/application
  [1m[35m (0.1ms)[0m  [1m[34mSELECT sqlite_version(*)[0m
  ↳ app/views/ideas/index.html.erb:16
  [1m[36mIdea Load (1.0ms)[0m  [1m[34mSELECT "ideas".* FROM "ideas"[0m
  ↳ app/views/ideas/index.html.erb:16
  Rendered ideas/index.html.erb within layouts/application (Duration: 14.6ms | Allocations: 1670)
[Webpacker] Everything's up-to-date. Nothing to do
  Rendered layout layouts/application.html.erb (Duration: 72.3ms | Allocations: 6013)
Completed 200 OK in 89ms (Views: 84.4ms | ActiveRecord: 1.9ms | Allocations: 7119)


Started GET "/ideas" for ::1 at 2021-02-23 12:25:26 -0500
Processing by IdeasController#index as HTML
  Rendering layout layouts/application.html.erb
  Rendering ideas/index.html.erb within layouts/application
  [1m[36mIdea Load (0.4ms)[0m  [1m[34mSELECT "ideas".* FROM "ideas"[0m
  ↳ app/views/ideas/index.html.erb:16
  Rendered ideas/index.html.erb within layouts/application (Duration: 3.1ms | Allocations: 709)
[Webpacker] Everything's up-to-date. Nothing to do
  Rendered layout layouts/application.html.erb (Duration: 71.3ms | Allocations: 4840)
Completed 200 OK in 75ms (Views: 73.4ms | ActiveRecord: 0.4ms | Allocations: 5232)


Started GET "/ideas" for ::1 at 2021-02-23 12:26:00 -0500
Processing by IdeasController#index as HTML
  Rendering layout layouts/application.html.erb
  Rendering ideas/index.html.erb within layouts/application
  [1m[36mIdea Load (0.4ms)[0m  [1m[34mSELECT "ideas".* FROM "ideas"[0m
  ↳ app/views/ideas/index.html.erb:16
  Rendered ideas/index.html.erb within layouts/application (Duration: 7.5ms | Allocations: 959)
[Webpacker] Everything's up-to-date. Nothing to do
  Rendered layout layouts/application.html.erb (Duration: 63.6ms | Allocations: 5304)
Completed 200 OK in 80ms (Views: 73.6ms | ActiveRecord: 0.4ms | Allocations: 6412)


Started GET "/ideas" for ::1 at 2021-02-23 12:26:01 -0500
Processing by IdeasController#index as HTML
  Rendering layout layouts/application.html.erb
  Rendering ideas/index.html.erb within layouts/application
  [1m[36mIdea Load (0.4ms)[0m  [1m[34mSELECT "ideas".* FROM "ideas"[0m
  ↳ app/views/ideas/index.html.erb:16
  Rendered ideas/index.html.erb within layouts/application (Duration: 6.1ms | Allocations: 709)
[Webpacker] Everything's up-to-date. Nothing to do
  Rendered layout layouts/application.html.erb (Duration: 63.8ms | Allocations: 4832)
Completed 200 OK in 66ms (Views: 64.9ms | ActiveRecord: 0.4ms | Allocations: 5223)


Started GET "/" for ::1 at 2021-02-23 12:26:35 -0500
Started GET "/ideas" for ::1 at 2021-02-23 12:26:35 -0500
Processing by IdeasController#index as HTML
  Rendering layout layouts/application.html.erb
  Rendering ideas/index.html.erb within layouts/application
  [1m[36mIdea Load (0.4ms)[0m  [1m[34mSELECT "ideas".* FROM "ideas"[0m
  ↳ app/views/ideas/index.html.erb:16
  Rendered ideas/index.html.erb within layouts/application (Duration: 7.2ms | Allocations: 955)
[Webpacker] Everything's up-to-date. Nothing to do
  Rendered layout layouts/application.html.erb (Duration: 74.7ms | Allocations: 5293)
Completed 200 OK in 89ms (Views: 84.7ms | ActiveRecord: 0.4ms | Allocations: 6393)


Started GET "/ideas" for ::1 at 2021-02-23 12:27:22 -0500
Processing by IdeasController#index as HTML
  Rendering layout layouts/application.html.erb
  Rendering ideas/index.html.erb within layouts/application
  [1m[36mIdea Load (0.2ms)[0m  [1m[34mSELECT "ideas".* FROM "ideas"[0m
  ↳ app/views/ideas/index.html.erb:16
  Rendered ideas/index.html.erb within layouts/application (Duration: 5.1ms | Allocations: 959)
[Webpacker] Everything's up-to-date. Nothing to do
  Rendered layout layouts/application.html.erb (Duration: 86.7ms | Allocations: 5309)
Completed 200 OK in 100ms (Views: 95.8ms | ActiveRecord: 0.2ms | Allocations: 6415)


Started GET "/ideas" for ::1 at 2021-02-23 12:27:24 -0500
Processing by IdeasController#index as HTML
  Rendering layout layouts/application.html.erb
  Rendering ideas/index.html.erb within layouts/application
  [1m[36mIdea Load (0.5ms)[0m  [1m[34mSELECT "ideas".* FROM "ideas"[0m
  ↳ app/views/ideas/index.html.erb:16
  Rendered ideas/index.html.erb within layouts/application (Duration: 5.3ms | Allocations: 709)
[Webpacker] Everything's up-to-date. Nothing to do
  Rendered layout layouts/application.html.erb (Duration: 66.9ms | Allocations: 4835)
Completed 200 OK in 69ms (Views: 68.0ms | ActiveRecord: 0.5ms | Allocations: 5227)


Started GET "/ideas" for ::1 at 2021-02-23 12:28:11 -0500
Processing by IdeasController#index as HTML
  Rendering layout layouts/application.html.erb
  Rendering ideas/index.html.erb within layouts/application
  [1m[36mIdea Load (0.5ms)[0m  [1m[34mSELECT "ideas".* FROM "ideas"[0m
  ↳ app/views/ideas/index.html.erb:16
  Rendered ideas/index.html.erb within layouts/application (Duration: 9.3ms | Allocations: 957)
[Webpacker] Everything's up-to-date. Nothing to do
  Rendered layout layouts/application.html.erb (Duration: 71.0ms | Allocations: 5302)
Completed 200 OK in 84ms (Views: 79.8ms | ActiveRecord: 0.5ms | Allocations: 6408)


Started GET "/ideas" for ::1 at 2021-02-23 12:28:13 -0500
Processing by IdeasController#index as HTML
  Rendering layout layouts/application.html.erb
  Rendering ideas/index.html.erb within layouts/application
  [1m[36mIdea Load (0.3ms)[0m  [1m[34mSELECT "ideas".* FROM "ideas"[0m
  ↳ app/views/ideas/index.html.erb:16
  Rendered ideas/index.html.erb within layouts/application (Duration: 4.9ms | Allocations: 709)
[Webpacker] Everything's up-to-date. Nothing to do
  Rendered layout layouts/application.html.erb (Duration: 54.6ms | Allocations: 4832)
Completed 200 OK in 57ms (Views: 55.8ms | ActiveRecord: 0.3ms | Allocations: 5223)


Started GET "/ideas" for ::1 at 2021-02-23 12:29:33 -0500
Processing by IdeasController#index as HTML
  Rendering layout layouts/application.html.erb
  Rendering ideas/index.html.erb within layouts/application
  [1m[36mIdea Load (0.4ms)[0m  [1m[34mSELECT "ideas".* FROM "ideas"[0m
  ↳ app/views/ideas/index.html.erb:16
  Rendered ideas/index.html.erb within layouts/application (Duration: 6.5ms | Allocations: 955)
[Webpacker] Everything's up-to-date. Nothing to do
  Rendered layout layouts/application.html.erb (Duration: 63.6ms | Allocations: 5294)
Completed 200 OK in 92ms (Views: 88.2ms | ActiveRecord: 0.4ms | Allocations: 6396)


Started GET "/ideas" for ::1 at 2021-02-23 12:30:06 -0500
Processing by IdeasController#index as HTML
  Rendering layout layouts/application.html.erb
  Rendering ideas/index.html.erb within layouts/application
  [1m[36mIdea Load (0.4ms)[0m  [1m[34mSELECT "ideas".* FROM "ideas"[0m
  ↳ app/views/ideas/index.html.erb:16
  Rendered ideas/index.html.erb within layouts/application (Duration: 15.2ms | Allocations: 961)
[Webpacker] Everything's up-to-date. Nothing to do
  Rendered layout layouts/application.html.erb (Duration: 85.5ms | Allocations: 5307)
Completed 200 OK in 113ms (Views: 108.8ms | ActiveRecord: 0.4ms | Allocations: 6413)


Started GET "/ideas" for ::1 at 2021-02-23 12:30:15 -0500
Processing by IdeasController#index as HTML
  Rendering layout layouts/application.html.erb
  Rendering ideas/index.html.erb within layouts/application
  [1m[36mIdea Load (0.4ms)[0m  [1m[34mSELECT "ideas".* FROM "ideas"[0m
  ↳ app/views/ideas/index.html.erb:16
  Rendered ideas/index.html.erb within layouts/application (Duration: 5.0ms | Allocations: 709)
[Webpacker] Everything's up-to-date. Nothing to do
  Rendered layout layouts/application.html.erb (Duration: 93.1ms | Allocations: 4834)
Completed 200 OK in 96ms (Views: 94.5ms | ActiveRecord: 0.4ms | Allocations: 5229)


Started GET "/" for ::1 at 2021-02-23 12:30:17 -0500
Started GET "/ideas" for ::1 at 2021-02-23 12:30:17 -0500
Processing by IdeasController#index as HTML
  Rendering layout layouts/application.html.erb
  Rendering ideas/index.html.erb within layouts/application
  [1m[36mIdea Load (0.4ms)[0m  [1m[34mSELECT "ideas".* FROM "ideas"[0m
  ↳ app/views/ideas/index.html.erb:16
  Rendered ideas/index.html.erb within layouts/application (Duration: 8.1ms | Allocations: 703)
[Webpacker] Everything's up-to-date. Nothing to do
  Rendered layout layouts/application.html.erb (Duration: 71.0ms | Allocations: 4857)
Completed 200 OK in 74ms (Views: 72.2ms | ActiveRecord: 0.4ms | Allocations: 5250)


Started GET "/ideas" for ::1 at 2021-02-23 12:30:33 -0500
Processing by IdeasController#index as HTML
  Rendering layout layouts/application.html.erb
  Rendering ideas/index.html.erb within layouts/application
  [1m[36mIdea Load (0.4ms)[0m  [1m[34mSELECT "ideas".* FROM "ideas"[0m
  ↳ app/views/ideas/index.html.erb:16
  Rendered ideas/index.html.erb within layouts/application (Duration: 5.1ms | Allocations: 703)
[Webpacker] Everything's up-to-date. Nothing to do
  Rendered layout layouts/application.html.erb (Duration: 74.2ms | Allocations: 4826)
Completed 200 OK in 77ms (Views: 75.6ms | ActiveRecord: 0.4ms | Allocations: 5219)


Started GET "/" for ::1 at 2021-02-23 12:30:34 -0500
Started GET "/ideas" for ::1 at 2021-02-23 12:30:35 -0500
Processing by IdeasController#index as HTML
  Rendering layout layouts/application.html.erb
  Rendering ideas/index.html.erb within layouts/application
  [1m[36mIdea Load (0.4ms)[0m  [1m[34mSELECT "ideas".* FROM "ideas"[0m
  ↳ app/views/ideas/index.html.erb:16
  Rendered ideas/index.html.erb within layouts/application (Duration: 4.8ms | Allocations: 703)
[Webpacker] Everything's up-to-date. Nothing to do
  Rendered layout layouts/application.html.erb (Duration: 67.8ms | Allocations: 4860)
Completed 200 OK in 71ms (Views: 69.4ms | ActiveRecord: 0.4ms | Allocations: 5254)


Started GET "/" for ::1 at 2021-02-23 12:32:23 -0500
Started GET "/ideas" for ::1 at 2021-02-23 12:32:23 -0500
Processing by IdeasController#index as HTML
  Rendering layout layouts/application.html.erb
  Rendering ideas/index.html.erb within layouts/application
  [1m[36mIdea Load (0.4ms)[0m  [1m[34mSELECT "ideas".* FROM "ideas"[0m
  ↳ app/views/ideas/index.html.erb:16
  Rendered ideas/index.html.erb within layouts/application (Duration: 7.5ms | Allocations: 961)
[Webpacker] Everything's up-to-date. Nothing to do
  Rendered layout layouts/application.html.erb (Duration: 66.4ms | Allocations: 5313)
Completed 200 OK in 81ms (Views: 76.4ms | ActiveRecord: 0.4ms | Allocations: 6419)


Started GET "/ideas" for ::1 at 2021-02-23 12:33:00 -0500
Processing by IdeasController#index as HTML
  Rendering layout layouts/application.html.erb
  Rendering ideas/index.html.erb within layouts/application
  [1m[36mIdea Load (0.4ms)[0m  [1m[34mSELECT "ideas".* FROM "ideas"[0m
  ↳ app/views/ideas/index.html.erb:16
  Rendered ideas/index.html.erb within layouts/application (Duration: 4.8ms | Allocations: 709)
[Webpacker] Everything's up-to-date. Nothing to do
  Rendered layout layouts/application.html.erb (Duration: 74.2ms | Allocations: 4839)
Completed 200 OK in 77ms (Views: 75.7ms | ActiveRecord: 0.4ms | Allocations: 5234)


Started GET "/ideas" for ::1 at 2021-02-23 12:39:29 -0500
Processing by IdeasController#index as HTML
  Rendering layout layouts/application.html.erb
  Rendering ideas/index.html.erb within layouts/application
  [1m[35m (0.2ms)[0m  [1m[34mSELECT sqlite_version(*)[0m
  ↳ app/views/ideas/index.html.erb:16
  [1m[36mIdea Load (0.6ms)[0m  [1m[34mSELECT "ideas".* FROM "ideas"[0m
  ↳ app/views/ideas/index.html.erb:16
  Rendered ideas/index.html.erb within layouts/application (Duration: 13.9ms | Allocations: 1666)
[Webpacker] Everything's up-to-date. Nothing to do
  Rendered layout layouts/application.html.erb (Duration: 77.7ms | Allocations: 6017)
Completed 200 OK in 92ms (Views: 87.8ms | ActiveRecord: 1.5ms | Allocations: 7117)


Started GET "/ideas" for ::1 at 2021-02-23 12:39:35 -0500
Processing by IdeasController#index as HTML
  Rendering layout layouts/application.html.erb
  Rendering ideas/index.html.erb within layouts/application
  [1m[36mIdea Load (0.3ms)[0m  [1m[34mSELECT "ideas".* FROM "ideas"[0m
  ↳ app/views/ideas/index.html.erb:16
  Rendered ideas/index.html.erb within layouts/application (Duration: 3.9ms | Allocations: 709)
[Webpacker] Everything's up-to-date. Nothing to do
  Rendered layout layouts/application.html.erb (Duration: 82.8ms | Allocations: 4844)
Completed 200 OK in 87ms (Views: 85.2ms | ActiveRecord: 0.3ms | Allocations: 5238)


Started GET "/ideas" for ::1 at 2021-02-23 12:39:37 -0500
Processing by IdeasController#index as HTML
  Rendering layout layouts/application.html.erb
  Rendering ideas/index.html.erb within layouts/application
  [1m[36mIdea Load (0.5ms)[0m  [1m[34mSELECT "ideas".* FROM "ideas"[0m
  ↳ app/views/ideas/index.html.erb:16
  Rendered ideas/index.html.erb within layouts/application (Duration: 7.1ms | Allocations: 703)
[Webpacker] Everything's up-to-date. Nothing to do
  Rendered layout layouts/application.html.erb (Duration: 80.6ms | Allocations: 4827)
Completed 200 OK in 84ms (Views: 82.2ms | ActiveRecord: 0.5ms | Allocations: 5221)


Started GET "/ideas" for ::1 at 2021-02-23 12:39:38 -0500
Processing by IdeasController#index as HTML
  Rendering layout layouts/application.html.erb
  Rendering ideas/index.html.erb within layouts/application
  [1m[36mIdea Load (0.4ms)[0m  [1m[34mSELECT "ideas".* FROM "ideas"[0m
  ↳ app/views/ideas/index.html.erb:16
  Rendered ideas/index.html.erb within layouts/application (Duration: 4.9ms | Allocations: 703)
[Webpacker] Everything's up-to-date. Nothing to do
  Rendered layout layouts/application.html.erb (Duration: 70.8ms | Allocations: 4833)
Completed 200 OK in 74ms (Views: 72.2ms | ActiveRecord: 0.4ms | Allocations: 5227)


Started GET "/ideas" for ::1 at 2021-02-23 12:39:39 -0500
Processing by IdeasController#index as HTML
  Rendering layout layouts/application.html.erb
  Rendering ideas/index.html.erb within layouts/application
  [1m[36mIdea Load (0.4ms)[0m  [1m[34mSELECT "ideas".* FROM "ideas"[0m
  ↳ app/views/ideas/index.html.erb:16
  Rendered ideas/index.html.erb within layouts/application (Duration: 4.9ms | Allocations: 703)
[Webpacker] Everything's up-to-date. Nothing to do
  Rendered layout layouts/application.html.erb (Duration: 73.1ms | Allocations: 4831)
Completed 200 OK in 76ms (Views: 74.9ms | ActiveRecord: 0.4ms | Allocations: 5224)


Started GET "/ideas" for ::1 at 2021-02-23 12:39:40 -0500
Processing by IdeasController#index as HTML
  Rendering layout layouts/application.html.erb
  Rendering ideas/index.html.erb within layouts/application
  [1m[36mIdea Load (0.4ms)[0m  [1m[34mSELECT "ideas".* FROM "ideas"[0m
  ↳ app/views/ideas/index.html.erb:16
  Rendered ideas/index.html.erb within layouts/application (Duration: 4.9ms | Allocations: 703)
[Webpacker] Everything's up-to-date. Nothing to do
  Rendered layout layouts/application.html.erb (Duration: 62.3ms | Allocations: 4827)
Completed 200 OK in 65ms (Views: 63.7ms | ActiveRecord: 0.4ms | Allocations: 5220)


Started GET "/ideas" for ::1 at 2021-02-23 12:39:42 -0500
Processing by IdeasController#index as HTML
  Rendering layout layouts/application.html.erb
  Rendering ideas/index.html.erb within layouts/application
  [1m[36mIdea Load (0.3ms)[0m  [1m[34mSELECT "ideas".* FROM "ideas"[0m
  ↳ app/views/ideas/index.html.erb:16
  Rendered ideas/index.html.erb within layouts/application (Duration: 4.9ms | Allocations: 703)
[Webpacker] Everything's up-to-date. Nothing to do
  Rendered layout layouts/application.html.erb (Duration: 65.1ms | Allocations: 4837)
Completed 200 OK in 68ms (Views: 66.5ms | ActiveRecord: 0.3ms | Allocations: 5230)


Started GET "/" for ::1 at 2021-02-23 12:39:43 -0500
Started GET "/ideas" for ::1 at 2021-02-23 12:39:44 -0500
Processing by IdeasController#index as HTML
  Rendering layout layouts/application.html.erb
  Rendering ideas/index.html.erb within layouts/application
  [1m[36mIdea Load (0.4ms)[0m  [1m[34mSELECT "ideas".* FROM "ideas"[0m
  ↳ app/views/ideas/index.html.erb:16
  Rendered ideas/index.html.erb within layouts/application (Duration: 5.4ms | Allocations: 703)
[Webpacker] Everything's up-to-date. Nothing to do
  Rendered layout layouts/application.html.erb (Duration: 76.8ms | Allocations: 4859)
Completed 200 OK in 80ms (Views: 78.5ms | ActiveRecord: 0.4ms | Allocations: 5253)


Started GET "/ideas" for ::1 at 2021-02-23 12:39:45 -0500
Processing by IdeasController#index as HTML
  Rendering layout layouts/application.html.erb
  Rendering ideas/index.html.erb within layouts/application
  [1m[36mIdea Load (0.3ms)[0m  [1m[34mSELECT "ideas".* FROM "ideas"[0m
  ↳ app/views/ideas/index.html.erb:16
  Rendered ideas/index.html.erb within layouts/application (Duration: 5.7ms | Allocations: 703)
[Webpacker] Everything's up-to-date. Nothing to do
  Rendered layout layouts/application.html.erb (Duration: 73.4ms | Allocations: 4831)
Completed 200 OK in 76ms (Views: 74.7ms | ActiveRecord: 0.3ms | Allocations: 5224)


Started GET "/ideas" for ::1 at 2021-02-23 12:39:47 -0500
Processing by IdeasController#index as HTML
  Rendering layout layouts/application.html.erb
  Rendering ideas/index.html.erb within layouts/application
  [1m[36mIdea Load (0.4ms)[0m  [1m[34mSELECT "ideas".* FROM "ideas"[0m
  ↳ app/views/ideas/index.html.erb:16
  Rendered ideas/index.html.erb within layouts/application (Duration: 5.1ms | Allocations: 703)
[Webpacker] Everything's up-to-date. Nothing to do
  Rendered layout layouts/application.html.erb (Duration: 69.4ms | Allocations: 4833)
Completed 200 OK in 72ms (Views: 70.6ms | ActiveRecord: 0.4ms | Allocations: 5227)


Started GET "/ideas" for ::1 at 2021-02-23 12:40:42 -0500
Processing by IdeasController#index as HTML
  Rendering layout layouts/application.html.erb
  Rendering ideas/index.html.erb within layouts/application
  [1m[36mIdea Load (0.2ms)[0m  [1m[34mSELECT "ideas".* FROM "ideas"[0m
  ↳ app/views/ideas/index.html.erb:16
  Rendered ideas/index.html.erb within layouts/application (Duration: 3.6ms | Allocations: 961)
[Webpacker] Everything's up-to-date. Nothing to do
  Rendered layout layouts/application.html.erb (Duration: 77.6ms | Allocations: 5319)
Completed 200 OK in 102ms (Views: 97.8ms | ActiveRecord: 0.2ms | Allocations: 6425)


Started GET "/about" for ::1 at 2021-02-23 12:40:43 -0500
  
ActionController::RoutingError (No route matches [GET] "/about"):
  
Started GET "/advice" for ::1 at 2021-02-23 12:40:45 -0500
  
ActionController::RoutingError (No route matches [GET] "/advice"):
  
Started GET "/about" for ::1 at 2021-02-23 12:40:49 -0500
  
ActionController::RoutingError (No route matches [GET] "/about"):
  
Started GET "/ideas" for ::1 at 2021-02-23 12:40:57 -0500
Processing by IdeasController#index as HTML
  Rendering layout layouts/application.html.erb
  Rendering ideas/index.html.erb within layouts/application
  [1m[36mIdea Load (0.4ms)[0m  [1m[34mSELECT "ideas".* FROM "ideas"[0m
  ↳ app/views/ideas/index.html.erb:16
  Rendered ideas/index.html.erb within layouts/application (Duration: 7.4ms | Allocations: 721)
[Webpacker] Everything's up-to-date. Nothing to do
  Rendered layout layouts/application.html.erb (Duration: 87.8ms | Allocations: 4875)
Completed 200 OK in 92ms (Views: 89.1ms | ActiveRecord: 0.4ms | Allocations: 5285)


Started GET "/ideas" for ::1 at 2021-02-23 12:43:19 -0500
  
ArgumentError (Invalid route name, already in use: 'root' 
You may have defined two routes with the same name using the `:as` option, or you may be overriding a route already defined by a resource with the same naming. For the latter, you can restrict the routes created with `resources` as explained here: 
https://guides.rubyonrails.org/routing.html#restricting-the-routes-created):
  
config/routes.rb:4:in `block in <main>'
config/routes.rb:1:in `<main>'
Started GET "/ideas" for ::1 at 2021-02-23 13:08:53 -0500
  [1m[35m (1.0ms)[0m  [1m[34mSELECT sqlite_version(*)[0m
  [1m[35m (0.2ms)[0m  [1m[34mSELECT "schema_migrations"."version" FROM "schema_migrations" ORDER BY "schema_migrations"."version" ASC[0m
Processing by IdeasController#index as HTML
  Rendering layout layouts/application.html.erb
  Rendering ideas/index.html.erb within layouts/application
  [1m[36mIdea Load (0.5ms)[0m  [1m[34mSELECT "ideas".* FROM "ideas"[0m
  ↳ app/views/ideas/index.html.erb:16
  Rendered ideas/index.html.erb within layouts/application (Duration: 9.7ms | Allocations: 1142)
[Webpacker] Everything's up-to-date. Nothing to do
  Rendered layout layouts/application.html.erb (Duration: 240.7ms | Allocations: 16461)
Completed 500 Internal Server Error in 281ms (ActiveRecord: 0.5ms | Allocations: 19355)


  
ActionView::Template::Error (undefined local variable or method `root_path' for #<ActionView::Base:0x000000000087c8>
Did you mean?  font_path):
    19:     </button>
    20:     <div class="collapse navbar-collapse" id="navbarSupportedContent">
    21:      <%= tabs_tag do |tab| %>
    22:      <%= tab.home       'Homepage', root_path %>
    23:   <%= tab.dashboard  'Dashboard', dashboard_path %>
    24:   <%= tab.account    'Account', account_path %>
    25: <% end %>
  
app/views/layouts/application.html.erb:22
app/views/layouts/application.html.erb:21
Started GET "/ideas" for ::1 at 2021-02-23 13:08:58 -0500
Processing by IdeasController#index as HTML
  Rendering layout layouts/application.html.erb
  Rendering ideas/index.html.erb within layouts/application
  [1m[36mIdea Load (0.2ms)[0m  [1m[34mSELECT "ideas".* FROM "ideas"[0m
  ↳ app/views/ideas/index.html.erb:16
  Rendered ideas/index.html.erb within layouts/application (Duration: 2.4ms | Allocations: 729)
[Webpacker] Everything's up-to-date. Nothing to do
  Rendered layout layouts/application.html.erb (Duration: 65.9ms | Allocations: 8811)
Completed 500 Internal Server Error in 75ms (ActiveRecord: 0.2ms | Allocations: 9207)


  
ActionView::Template::Error (undefined local variable or method `root_path' for #<ActionView::Base:0x00000000008c28>
Did you mean?  font_path):
    19:     </button>
    20:     <div class="collapse navbar-collapse" id="navbarSupportedContent">
    21:      <%= tabs_tag do |tab| %>
    22:      <%= tab.home       'Homepage', root_path %>
    23:   <%= tab.dashboard  'Dashboard', dashboard_path %>
    24:   <%= tab.account    'Account', account_path %>
    25: <% end %>
  
app/views/layouts/application.html.erb:22
app/views/layouts/application.html.erb:21
Started GET "/" for ::1 at 2021-02-23 13:09:07 -0500
Processing by Rails::WelcomeController#index as HTML
  Rendering C:/Ruby27-x64/lib/ruby/gems/2.7.0/gems/railties-6.1.3/lib/rails/templates/rails/welcome/index.html.erb
  Rendered C:/Ruby27-x64/lib/ruby/gems/2.7.0/gems/railties-6.1.3/lib/rails/templates/rails/welcome/index.html.erb (Duration: 8.6ms | Allocations: 223)
Completed 200 OK in 12ms (Views: 10.0ms | ActiveRecord: 0.0ms | Allocations: 957)


Started GET "/" for ::1 at 2021-02-23 13:10:39 -0500
Started GET "/therify" for ::1 at 2021-02-23 13:10:39 -0500
  
ActionController::RoutingError (No route matches [GET] "/therify"):
  
Started GET "/" for ::1 at 2021-02-23 13:18:40 -0500
  [1m[35m (1.5ms)[0m  [1m[34mSELECT sqlite_version(*)[0m
  [1m[35m (0.6ms)[0m  [1m[34mSELECT "schema_migrations"."version" FROM "schema_migrations" ORDER BY "schema_migrations"."version" ASC[0m
Started GET "/ideas" for ::1 at 2021-02-23 13:18:40 -0500
Processing by IdeasController#index as HTML
  Rendering layout layouts/application.html.erb
  Rendering ideas/index.html.erb within layouts/application
  [1m[36mIdea Load (0.5ms)[0m  [1m[34mSELECT "ideas".* FROM "ideas"[0m
  ↳ app/views/ideas/index.html.erb:16
  Rendered ideas/index.html.erb within layouts/application (Duration: 8.8ms | Allocations: 1134)
[Webpacker] Everything's up-to-date. Nothing to do
  Rendered layout layouts/application.html.erb (Duration: 588.7ms | Allocations: 24423)
Completed 200 OK in 630ms (Views: 604.0ms | ActiveRecord: 0.5ms | Allocations: 27361)


Started GET "/ideas" for ::1 at 2021-02-23 13:20:10 -0500
Processing by IdeasController#index as HTML
  Rendering layout layouts/application.html.erb
  Rendering ideas/index.html.erb within layouts/application
  [1m[36mIdea Load (0.2ms)[0m  [1m[34mSELECT "ideas".* FROM "ideas"[0m
  ↳ app/views/ideas/index.html.erb:16
  Rendered ideas/index.html.erb within layouts/application (Duration: 7.5ms | Allocations: 959)
[Webpacker] Everything's up-to-date. Nothing to do
  Rendered layout layouts/application.html.erb (Duration: 77.5ms | Allocations: 5471)
Completed 200 OK in 100ms (Views: 96.7ms | ActiveRecord: 0.2ms | Allocations: 6580)


Started GET "/ideas" for ::1 at 2021-02-23 13:38:15 -0500
Processing by IdeasController#index as HTML
  Rendering layout layouts/application.html.erb
  Rendering ideas/index.html.erb within layouts/application
  [1m[35m (0.2ms)[0m  [1m[34mSELECT sqlite_version(*)[0m
  ↳ app/views/ideas/index.html.erb:16
  [1m[36mIdea Load (0.6ms)[0m  [1m[34mSELECT "ideas".* FROM "ideas"[0m
  ↳ app/views/ideas/index.html.erb:16
  Rendered ideas/index.html.erb within layouts/application (Duration: 19.6ms | Allocations: 1675)
[Webpacker] Everything's up-to-date. Nothing to do
  Rendered layout layouts/application.html.erb (Duration: 94.1ms | Allocations: 6187)
Completed 200 OK in 109ms (Views: 104.6ms | ActiveRecord: 1.6ms | Allocations: 7309)


Started GET "/ideas" for ::1 at 2021-02-23 13:38:19 -0500
Processing by IdeasController#index as HTML
  Rendering layout layouts/application.html.erb
  Rendering ideas/index.html.erb within layouts/application
  [1m[36mIdea Load (0.4ms)[0m  [1m[34mSELECT "ideas".* FROM "ideas"[0m
  ↳ app/views/ideas/index.html.erb:16
  Rendered ideas/index.html.erb within layouts/application (Duration: 8.2ms | Allocations: 716)
[Webpacker] Everything's up-to-date. Nothing to do
  Rendered layout layouts/application.html.erb (Duration: 81.3ms | Allocations: 5009)
Completed 200 OK in 86ms (Views: 84.1ms | ActiveRecord: 0.4ms | Allocations: 5414)


Started GET "/" for ::1 at 2021-02-23 13:38:21 -0500
Started GET "/ideas" for ::1 at 2021-02-23 13:38:21 -0500
Processing by IdeasController#index as HTML
  Rendering layout layouts/application.html.erb
  Rendering ideas/index.html.erb within layouts/application
  [1m[36mIdea Load (0.4ms)[0m  [1m[34mSELECT "ideas".* FROM "ideas"[0m
  ↳ app/views/ideas/index.html.erb:16
  Rendered ideas/index.html.erb within layouts/application (Duration: 8.6ms | Allocations: 710)
[Webpacker] Everything's up-to-date. Nothing to do
  Rendered layout layouts/application.html.erb (Duration: 83.2ms | Allocations: 5030)
Completed 200 OK in 88ms (Views: 86.3ms | ActiveRecord: 0.4ms | Allocations: 5434)


Started GET "/" for ::1 at 2021-02-23 13:38:24 -0500
Started GET "/ideas" for ::1 at 2021-02-23 13:38:24 -0500
Processing by IdeasController#index as HTML
  Rendering layout layouts/application.html.erb
  Rendering ideas/index.html.erb within layouts/application
  [1m[36mIdea Load (0.4ms)[0m  [1m[34mSELECT "ideas".* FROM "ideas"[0m
  ↳ app/views/ideas/index.html.erb:16
  Rendered ideas/index.html.erb within layouts/application (Duration: 5.3ms | Allocations: 703)
[Webpacker] Everything's up-to-date. Nothing to do
  Rendered layout layouts/application.html.erb (Duration: 75.2ms | Allocations: 5001)
Completed 200 OK in 80ms (Views: 78.1ms | ActiveRecord: 0.4ms | Allocations: 5392)


Started GET "/ideas" for ::1 at 2021-02-23 13:38:30 -0500
Processing by IdeasController#index as HTML
  Rendering layout layouts/application.html.erb
  Rendering ideas/index.html.erb within layouts/application
  [1m[36mIdea Load (0.4ms)[0m  [1m[34mSELECT "ideas".* FROM "ideas"[0m
  ↳ app/views/ideas/index.html.erb:16
  Rendered ideas/index.html.erb within layouts/application (Duration: 8.3ms | Allocations: 703)
[Webpacker] Everything's up-to-date. Nothing to do
  Rendered layout layouts/application.html.erb (Duration: 70.6ms | Allocations: 5000)
Completed 200 OK in 75ms (Views: 73.3ms | ActiveRecord: 0.4ms | Allocations: 5396)


Started GET "/" for ::1 at 2021-02-23 13:38:31 -0500
Started GET "/ideas" for ::1 at 2021-02-23 13:38:31 -0500
Processing by IdeasController#index as HTML
  Rendering layout layouts/application.html.erb
  Rendering ideas/index.html.erb within layouts/application
  [1m[36mIdea Load (0.3ms)[0m  [1m[34mSELECT "ideas".* FROM "ideas"[0m
  ↳ app/views/ideas/index.html.erb:16
  Rendered ideas/index.html.erb within layouts/application (Duration: 4.3ms | Allocations: 703)
[Webpacker] Everything's up-to-date. Nothing to do
  Rendered layout layouts/application.html.erb (Duration: 81.8ms | Allocations: 5025)
Completed 200 OK in 87ms (Views: 85.3ms | ActiveRecord: 0.3ms | Allocations: 5419)


Started GET "/" for ::1 at 2021-02-23 13:39:31 -0500
Started GET "/ideas" for ::1 at 2021-02-23 13:39:31 -0500
Processing by IdeasController#index as HTML
  Rendering layout layouts/application.html.erb
  Rendering ideas/index.html.erb within layouts/application
  [1m[36mIdea Load (0.4ms)[0m  [1m[34mSELECT "ideas".* FROM "ideas"[0m
  ↳ app/views/ideas/index.html.erb:16
  Rendered ideas/index.html.erb within layouts/application (Duration: 5.5ms | Allocations: 960)
[Webpacker] Everything's up-to-date. Nothing to do
  Rendered layout layouts/application.html.erb (Duration: 73.6ms | Allocations: 5517)
Completed 200 OK in 89ms (Views: 84.2ms | ActiveRecord: 0.4ms | Allocations: 6624)


Started GET "/ideas/new" for ::1 at 2021-02-23 13:39:34 -0500
Processing by IdeasController#new as HTML
  Rendering layout layouts/application.html.erb
  Rendering ideas/new.html.erb within layouts/application
  Rendered ideas/_form.html.erb (Duration: 441.3ms | Allocations: 8021)
  Rendered ideas/new.html.erb within layouts/application (Duration: 447.3ms | Allocations: 8369)
[Webpacker] Everything's up-to-date. Nothing to do
  Rendered layout layouts/application.html.erb (Duration: 514.6ms | Allocations: 12593)
Completed 200 OK in 535ms (Views: 517.1ms | ActiveRecord: 2.7ms | Allocations: 16547)


Started POST "/ideas" for ::1 at 2021-02-23 13:39:45 -0500
Processing by IdeasController#create as HTML
  Parameters: {"authenticity_token"=>"[FILTERED]", "idea"=>{"name"=>"", "description"=>"", "picture"=>""}, "commit"=>"Create Idea"}
  [1m[36mTRANSACTION (0.2ms)[0m  [1m[36mbegin transaction[0m
  ↳ app/controllers/ideas_controller.rb:27:in `block in create'
  [1m[36mIdea Create (5.0ms)[0m  [1m[32mINSERT INTO "ideas" ("name", "description", "picture", "created_at", "updated_at") VALUES (?, ?, ?, ?, ?)[0m  [["name", ""], ["description", ""], ["picture", ""], ["created_at", "2021-02-23 18:39:45.854258"], ["updated_at", "2021-02-23 18:39:45.854258"]]
  ↳ app/controllers/ideas_controller.rb:27:in `block in create'
  [1m[36mTRANSACTION (25.5ms)[0m  [1m[36mcommit transaction[0m
  ↳ app/controllers/ideas_controller.rb:27:in `block in create'
Redirected to http://localhost:3000/ideas/1
Completed 302 Found in 68ms (ActiveRecord: 30.7ms | Allocations: 2717)


Started GET "/ideas/1" for ::1 at 2021-02-23 13:39:45 -0500
Processing by IdeasController#show as HTML
  Parameters: {"id"=>"1"}
  [1m[36mIdea Load (0.5ms)[0m  [1m[34mSELECT "ideas".* FROM "ideas" WHERE "ideas"."id" = ? LIMIT ?[0m  [["id", 1], ["LIMIT", 1]]
  ↳ app/controllers/ideas_controller.rb:62:in `set_idea'
  Rendering layout layouts/application.html.erb
  Rendering ideas/show.html.erb within layouts/application
  Rendered ideas/show.html.erb within layouts/application (Duration: 1.9ms | Allocations: 292)
[Webpacker] Everything's up-to-date. Nothing to do
  Rendered layout layouts/application.html.erb (Duration: 64.3ms | Allocations: 4620)
Completed 200 OK in 89ms (Views: 66.3ms | ActiveRecord: 0.5ms | Allocations: 6094)


Started GET "/ideas/new" for ::1 at 2021-02-23 13:39:50 -0500
Processing by IdeasController#new as HTML
  Rendering layout layouts/application.html.erb
  Rendering ideas/new.html.erb within layouts/application
  Rendered ideas/_form.html.erb (Duration: 2.6ms | Allocations: 854)
  Rendered ideas/new.html.erb within layouts/application (Duration: 3.8ms | Allocations: 961)
[Webpacker] Everything's up-to-date. Nothing to do
  Rendered layout layouts/application.html.erb (Duration: 71.0ms | Allocations: 5273)
Completed 200 OK in 81ms (Views: 79.9ms | ActiveRecord: 0.0ms | Allocations: 5667)


Started GET "/ideas/new" for ::1 at 2021-02-23 13:41:19 -0500
Processing by IdeasController#new as HTML
  Rendering layout layouts/application.html.erb
  Rendering ideas/new.html.erb within layouts/application
  Rendered ideas/_form.html.erb (Duration: 10.2ms | Allocations: 1185)
  Rendered ideas/new.html.erb within layouts/application (Duration: 13.3ms | Allocations: 1524)
[Webpacker] Everything's up-to-date. Nothing to do
  Rendered layout layouts/application.html.erb (Duration: 77.9ms | Allocations: 6088)
Completed 200 OK in 92ms (Views: 89.2ms | ActiveRecord: 0.0ms | Allocations: 7195)


Started GET "/ideas/new" for ::1 at 2021-02-23 13:41:21 -0500
Processing by IdeasController#new as HTML
  Rendering layout layouts/application.html.erb
  Rendering ideas/new.html.erb within layouts/application
  Rendered ideas/_form.html.erb (Duration: 3.8ms | Allocations: 855)
  Rendered ideas/new.html.erb within layouts/application (Duration: 4.9ms | Allocations: 962)
[Webpacker] Everything's up-to-date. Nothing to do
  Rendered layout layouts/application.html.erb (Duration: 69.2ms | Allocations: 5276)
Completed 200 OK in 73ms (Views: 71.9ms | ActiveRecord: 0.0ms | Allocations: 5674)


Started GET "/ideas" for ::1 at 2021-02-23 13:41:27 -0500
Processing by IdeasController#index as HTML
  Rendering layout layouts/application.html.erb
  Rendering ideas/index.html.erb within layouts/application
  [1m[36mIdea Load (0.5ms)[0m  [1m[34mSELECT "ideas".* FROM "ideas"[0m
  ↳ app/views/ideas/index.html.erb:16
  Rendered ideas/index.html.erb within layouts/application (Duration: 9.0ms | Allocations: 1067)
[Webpacker] Everything's up-to-date. Nothing to do
  Rendered layout layouts/application.html.erb (Duration: 85.4ms | Allocations: 5388)
Completed 200 OK in 92ms (Views: 87.5ms | ActiveRecord: 0.5ms | Allocations: 5910)


Started GET "/" for ::1 at 2021-02-23 13:41:30 -0500
Started GET "/ideas" for ::1 at 2021-02-23 13:41:30 -0500
Processing by IdeasController#index as HTML
  Rendering layout layouts/application.html.erb
  Rendering ideas/index.html.erb within layouts/application
  [1m[36mIdea Load (0.3ms)[0m  [1m[34mSELECT "ideas".* FROM "ideas"[0m
  ↳ app/views/ideas/index.html.erb:16
  Rendered ideas/index.html.erb within layouts/application (Duration: 3.3ms | Allocations: 807)
[Webpacker] Everything's up-to-date. Nothing to do
  Rendered layout layouts/application.html.erb (Duration: 58.8ms | Allocations: 5152)
Completed 200 OK in 62ms (Views: 60.5ms | ActiveRecord: 0.3ms | Allocations: 5547)


Started GET "/ideas" for ::1 at 2021-02-23 13:41:34 -0500
Processing by IdeasController#index as HTML
  Rendering layout layouts/application.html.erb
  Rendering ideas/index.html.erb within layouts/application
  [1m[36mIdea Load (0.6ms)[0m  [1m[34mSELECT "ideas".* FROM "ideas"[0m
  ↳ app/views/ideas/index.html.erb:16
  Rendered ideas/index.html.erb within layouts/application (Duration: 8.3ms | Allocations: 807)
[Webpacker] Everything's up-to-date. Nothing to do
  Rendered layout layouts/application.html.erb (Duration: 86.8ms | Allocations: 5120)
Completed 200 OK in 91ms (Views: 89.3ms | ActiveRecord: 0.6ms | Allocations: 5513)


Started GET "/ideas/1/edit" for ::1 at 2021-02-23 13:41:37 -0500
Processing by IdeasController#edit as HTML
  Parameters: {"id"=>"1"}
  [1m[36mIdea Load (0.5ms)[0m  [1m[34mSELECT "ideas".* FROM "ideas" WHERE "ideas"."id" = ? LIMIT ?[0m  [["id", 1], ["LIMIT", 1]]
  ↳ app/controllers/ideas_controller.rb:62:in `set_idea'
  Rendering layout layouts/application.html.erb
  Rendering ideas/edit.html.erb within layouts/application
  Rendered ideas/_form.html.erb (Duration: 3.9ms | Allocations: 915)
  Rendered ideas/edit.html.erb within layouts/application (Duration: 6.9ms | Allocations: 1177)
[Webpacker] Everything's up-to-date. Nothing to do
  Rendered layout layouts/application.html.erb (Duration: 75.6ms | Allocations: 5497)
Completed 200 OK in 89ms (Views: 77.8ms | ActiveRecord: 0.5ms | Allocations: 6554)


Started GET "/ideas" for ::1 at 2021-02-23 13:41:46 -0500
Processing by IdeasController#index as HTML
  Rendering layout layouts/application.html.erb
  Rendering ideas/index.html.erb within layouts/application
  [1m[36mIdea Load (0.4ms)[0m  [1m[34mSELECT "ideas".* FROM "ideas"[0m
  ↳ app/views/ideas/index.html.erb:16
  Rendered ideas/index.html.erb within layouts/application (Duration: 8.7ms | Allocations: 817)
[Webpacker] Everything's up-to-date. Nothing to do
  Rendered layout layouts/application.html.erb (Duration: 78.9ms | Allocations: 5135)
Completed 200 OK in 83ms (Views: 81.6ms | ActiveRecord: 0.4ms | Allocations: 5540)


Started GET "/ideas/new" for ::1 at 2021-02-23 13:41:50 -0500
Processing by IdeasController#new as HTML
  Rendering layout layouts/application.html.erb
  Rendering ideas/new.html.erb within layouts/application
  Rendered ideas/_form.html.erb (Duration: 3.4ms | Allocations: 852)
  Rendered ideas/new.html.erb within layouts/application (Duration: 4.8ms | Allocations: 959)
[Webpacker] Everything's up-to-date. Nothing to do
  Rendered layout layouts/application.html.erb (Duration: 61.1ms | Allocations: 5275)
Completed 200 OK in 65ms (Views: 64.0ms | ActiveRecord: 0.0ms | Allocations: 5670)


Started POST "/ideas" for ::1 at 2021-02-23 13:42:02 -0500
Processing by IdeasController#create as HTML
  Parameters: {"authenticity_token"=>"[FILTERED]", "idea"=>{"name"=>"Hello", "description"=>"Therify", "picture"=>""}, "commit"=>"Create Idea"}
  [1m[36mTRANSACTION (0.1ms)[0m  [1m[36mbegin transaction[0m
  ↳ app/controllers/ideas_controller.rb:27:in `block in create'
  [1m[36mIdea Create (9.6ms)[0m  [1m[32mINSERT INTO "ideas" ("name", "description", "picture", "created_at", "updated_at") VALUES (?, ?, ?, ?, ?)[0m  [["name", "Hello"], ["description", "Therify"], ["picture", ""], ["created_at", "2021-02-23 18:42:02.534037"], ["updated_at", "2021-02-23 18:42:02.534037"]]
  ↳ app/controllers/ideas_controller.rb:27:in `block in create'
  [1m[36mTRANSACTION (19.6ms)[0m  [1m[36mcommit transaction[0m
  ↳ app/controllers/ideas_controller.rb:27:in `block in create'
Redirected to http://localhost:3000/ideas/2
Completed 302 Found in 55ms (ActiveRecord: 29.3ms | Allocations: 2473)


Started GET "/ideas/2" for ::1 at 2021-02-23 13:42:02 -0500
Processing by IdeasController#show as HTML
  Parameters: {"id"=>"2"}
  [1m[36mIdea Load (0.4ms)[0m  [1m[34mSELECT "ideas".* FROM "ideas" WHERE "ideas"."id" = ? LIMIT ?[0m  [["id", 2], ["LIMIT", 1]]
  ↳ app/controllers/ideas_controller.rb:62:in `set_idea'
  Rendering layout layouts/application.html.erb
  Rendering ideas/show.html.erb within layouts/application
  Rendered ideas/show.html.erb within layouts/application (Duration: 1.6ms | Allocations: 286)
[Webpacker] Everything's up-to-date. Nothing to do
  Rendered layout layouts/application.html.erb (Duration: 74.7ms | Allocations: 4609)
Completed 200 OK in 89ms (Views: 79.1ms | ActiveRecord: 0.4ms | Allocations: 5672)


Started GET "/ideas" for ::1 at 2021-02-23 13:47:17 -0500
Processing by IdeasController#index as HTML
  Rendering layout layouts/application.html.erb
  Rendering ideas/index.html.erb within layouts/application
  [1m[36mIdea Load (0.5ms)[0m  [1m[34mSELECT "ideas".* FROM "ideas"[0m
  ↳ app/views/ideas/index.html.erb:16
  Rendered ideas/index.html.erb within layouts/application (Duration: 10.6ms | Allocations: 914)
[Webpacker] Everything's up-to-date. Nothing to do
  Rendered layout layouts/application.html.erb (Duration: 78.2ms | Allocations: 5234)
Completed 200 OK in 86ms (Views: 83.8ms | ActiveRecord: 0.5ms | Allocations: 5629)


Started GET "/" for ::1 at 2021-02-23 13:47:18 -0500
Started GET "/ideas" for ::1 at 2021-02-23 13:47:18 -0500
Processing by IdeasController#index as HTML
  Rendering layout layouts/application.html.erb
  Rendering ideas/index.html.erb within layouts/application
  [1m[36mIdea Load (0.6ms)[0m  [1m[34mSELECT "ideas".* FROM "ideas"[0m
  ↳ app/views/ideas/index.html.erb:16
  Rendered ideas/index.html.erb within layouts/application (Duration: 9.4ms | Allocations: 912)
[Webpacker] Everything's up-to-date. Nothing to do
  Rendered layout layouts/application.html.erb (Duration: 75.5ms | Allocations: 5258)
Completed 200 OK in 81ms (Views: 78.9ms | ActiveRecord: 0.6ms | Allocations: 5652)


Started GET "/ideas" for ::1 at 2021-02-23 14:24:08 -0500
Processing by IdeasController#index as HTML
  Rendering layout layouts/application.html.erb
  Rendering ideas/index.html.erb within layouts/application
  [1m[35m (0.8ms)[0m  [1m[34mSELECT sqlite_version(*)[0m
  ↳ app/views/ideas/index.html.erb:16
  [1m[36mIdea Load (0.5ms)[0m  [1m[34mSELECT "ideas".* FROM "ideas"[0m
  ↳ app/views/ideas/index.html.erb:16
  Rendered ideas/index.html.erb within layouts/application (Duration: 42.3ms | Allocations: 1621)
[Webpacker] Everything's up-to-date. Nothing to do
  Rendered layout layouts/application.html.erb (Duration: 108.9ms | Allocations: 5938)
Completed 200 OK in 118ms (Views: 111.0ms | ActiveRecord: 4.0ms | Allocations: 6328)


Started GET "/ideas" for ::1 at 2021-02-23 14:24:18 -0500
Processing by IdeasController#index as HTML
  Rendering layout layouts/application.html.erb
  Rendering ideas/index.html.erb within layouts/application
  [1m[36mIdea Load (0.2ms)[0m  [1m[34mSELECT "ideas".* FROM "ideas"[0m
  ↳ app/views/ideas/index.html.erb:16
  Rendered ideas/index.html.erb within layouts/application (Duration: 12.3ms | Allocations: 912)
[Webpacker] Everything's up-to-date. Nothing to do
  Rendered layout layouts/application.html.erb (Duration: 83.2ms | Allocations: 5232)
Completed 200 OK in 86ms (Views: 85.1ms | ActiveRecord: 0.2ms | Allocations: 5626)


Started GET "/ideas/new" for ::1 at 2021-02-23 14:24:20 -0500
Processing by IdeasController#new as HTML
  Rendering layout layouts/application.html.erb
  Rendering ideas/new.html.erb within layouts/application
  Rendered ideas/_form.html.erb (Duration: 4.8ms | Allocations: 854)
  Rendered ideas/new.html.erb within layouts/application (Duration: 5.6ms | Allocations: 961)
[Webpacker] Everything's up-to-date. Nothing to do
  Rendered layout layouts/application.html.erb (Duration: 48.8ms | Allocations: 5280)
Completed 200 OK in 51ms (Views: 49.8ms | ActiveRecord: 0.0ms | Allocations: 5676)


Started GET "/" for ::1 at 2021-02-23 14:24:21 -0500
Started GET "/ideas" for ::1 at 2021-02-23 14:24:22 -0500
Processing by IdeasController#index as HTML
  Rendering layout layouts/application.html.erb
  Rendering ideas/index.html.erb within layouts/application
  [1m[36mIdea Load (0.3ms)[0m  [1m[34mSELECT "ideas".* FROM "ideas"[0m
  ↳ app/views/ideas/index.html.erb:16
  Rendered ideas/index.html.erb within layouts/application (Duration: 7.6ms | Allocations: 912)
[Webpacker] Everything's up-to-date. Nothing to do
  Rendered layout layouts/application.html.erb (Duration: 60.1ms | Allocations: 5232)
Completed 200 OK in 62ms (Views: 61.3ms | ActiveRecord: 0.3ms | Allocations: 5626)


Started GET "/" for ::1 at 2021-02-23 14:43:15 -0500
  [1m[35m (0.8ms)[0m  [1m[34mSELECT sqlite_version(*)[0m
  [1m[35m (0.2ms)[0m  [1m[34mSELECT "schema_migrations"."version" FROM "schema_migrations" ORDER BY "schema_migrations"."version" ASC[0m
Started GET "/ideas" for ::1 at 2021-02-23 14:43:15 -0500
Processing by IdeasController#index as HTML
  Rendering layout layouts/application.html.erb
  Rendering ideas/index.html.erb within layouts/application
  [1m[36mIdea Load (0.3ms)[0m  [1m[34mSELECT "ideas".* FROM "ideas"[0m
  ↳ app/views/ideas/index.html.erb:16
  Rendered ideas/index.html.erb within layouts/application (Duration: 21.7ms | Allocations: 4797)
[Webpacker] Everything's up-to-date. Nothing to do
  Rendered layout layouts/application.html.erb (Duration: 171.7ms | Allocations: 12660)
Completed 200 OK in 223ms (Views: 180.5ms | ActiveRecord: 0.9ms | Allocations: 16490)


Started GET "/ideas" for ::1 at 2021-02-23 14:43:19 -0500
Processing by IdeasController#index as HTML
  Rendering layout layouts/application.html.erb
  Rendering ideas/index.html.erb within layouts/application
  [1m[36mIdea Load (0.2ms)[0m  [1m[34mSELECT "ideas".* FROM "ideas"[0m
  ↳ app/views/ideas/index.html.erb:16
  Rendered ideas/index.html.erb within layouts/application (Duration: 6.5ms | Allocations: 954)
[Webpacker] Everything's up-to-date. Nothing to do
  Rendered layout layouts/application.html.erb (Duration: 56.2ms | Allocations: 5273)
Completed 200 OK in 58ms (Views: 57.3ms | ActiveRecord: 0.2ms | Allocations: 5679)


Started GET "/ideas/new" for ::1 at 2021-02-23 14:43:21 -0500
Processing by IdeasController#new as HTML
  Rendering layout layouts/application.html.erb
  Rendering ideas/new.html.erb within layouts/application
  Rendered ideas/_form.html.erb (Duration: 126.4ms | Allocations: 3373)
  Rendered ideas/new.html.erb within layouts/application (Duration: 133.8ms | Allocations: 3721)
[Webpacker] Everything's up-to-date. Nothing to do
  Rendered layout layouts/application.html.erb (Duration: 201.1ms | Allocations: 8064)
Completed 200 OK in 205ms (Views: 203.0ms | ActiveRecord: 0.0ms | Allocations: 8607)


Started POST "/ideas" for ::1 at 2021-02-23 14:44:33 -0500
Processing by IdeasController#create as HTML
  Parameters: {"authenticity_token"=>"[FILTERED]", "idea"=>{"name"=>"Therify Team", "description"=>"Finding you your perfect therapist", "picture"=>#<ActionDispatch::Http::UploadedFile:0x000000000ac8d138 @tempfile=#<Tempfile:C:/Users/gayat/AppData/Local/Temp/RackMultipart20210223-556-1ck1h8d.png>, @original_filename="Screenshot (113).png", @content_type="image/png", @headers="Content-Disposition: form-data; name=\"idea[picture]\"; filename=\"Screenshot (113).png\"\r\nContent-Type: image/png\r\n">}, "commit"=>"Create Idea"}
  [1m[36mTRANSACTION (0.1ms)[0m  [1m[36mbegin transaction[0m
  ↳ app/controllers/ideas_controller.rb:27:in `block in create'
  [1m[36mIdea Create (2.3ms)[0m  [1m[32mINSERT INTO "ideas" ("name", "description", "picture", "created_at", "updated_at") VALUES (?, ?, ?, ?, ?)[0m  [["name", "Therify Team"], ["description", "Finding you your perfect therapist"], ["picture", "Screenshot__113_.png"], ["created_at", "2021-02-23 19:44:33.379419"], ["updated_at", "2021-02-23 19:44:33.379419"]]
  ↳ app/controllers/ideas_controller.rb:27:in `block in create'
  [1m[36mTRANSACTION (15.6ms)[0m  [1m[36mcommit transaction[0m
  ↳ app/controllers/ideas_controller.rb:27:in `block in create'
Redirected to http://localhost:3000/ideas/3
Completed 302 Found in 71ms (ActiveRecord: 18.0ms | Allocations: 8321)


Started GET "/ideas/3" for ::1 at 2021-02-23 14:44:33 -0500
Processing by IdeasController#show as HTML
  Parameters: {"id"=>"3"}
  [1m[36mIdea Load (0.2ms)[0m  [1m[34mSELECT "ideas".* FROM "ideas" WHERE "ideas"."id" = ? LIMIT ?[0m  [["id", 3], ["LIMIT", 1]]
  ↳ app/controllers/ideas_controller.rb:62:in `set_idea'
  Rendering layout layouts/application.html.erb
  Rendering ideas/show.html.erb within layouts/application
  Rendered ideas/show.html.erb within layouts/application (Duration: 1.7ms | Allocations: 389)
[Webpacker] Everything's up-to-date. Nothing to do
  Rendered layout layouts/application.html.erb (Duration: 55.5ms | Allocations: 4706)
Completed 200 OK in 65ms (Views: 56.9ms | ActiveRecord: 0.2ms | Allocations: 6167)


Started GET "/" for ::1 at 2021-02-23 14:47:28 -0500
Started GET "/ideas" for ::1 at 2021-02-23 14:47:28 -0500
Processing by IdeasController#index as HTML
  Rendering layout layouts/application.html.erb
  Rendering ideas/index.html.erb within layouts/application
  [1m[36mIdea Load (0.2ms)[0m  [1m[34mSELECT "ideas".* FROM "ideas"[0m
  ↳ app/views/ideas/index.html.erb:16
  Rendered ideas/index.html.erb within layouts/application (Duration: 6.7ms | Allocations: 1144)
[Webpacker] Everything's up-to-date. Nothing to do
  Rendered layout layouts/application.html.erb (Duration: 54.3ms | Allocations: 5460)
Completed 200 OK in 56ms (Views: 55.5ms | ActiveRecord: 0.2ms | Allocations: 5862)


Started GET "/ideas" for ::1 at 2021-02-23 14:47:39 -0500
Processing by IdeasController#index as HTML
  Rendering layout layouts/application.html.erb
  Rendering ideas/index.html.erb within layouts/application
  [1m[36mIdea Load (0.2ms)[0m  [1m[34mSELECT "ideas".* FROM "ideas"[0m
  ↳ app/views/ideas/index.html.erb:16
  Rendered ideas/index.html.erb within layouts/application (Duration: 5.3ms | Allocations: 1133)
[Webpacker] Everything's up-to-date. Nothing to do
  Rendered layout layouts/application.html.erb (Duration: 47.7ms | Allocations: 5448)
Completed 200 OK in 50ms (Views: 49.4ms | ActiveRecord: 0.2ms | Allocations: 5838)


Started DELETE "/ideas/2" for ::1 at 2021-02-23 14:47:51 -0500
Processing by IdeasController#destroy as HTML
  Parameters: {"authenticity_token"=>"[FILTERED]", "id"=>"2"}
  [1m[36mIdea Load (0.3ms)[0m  [1m[34mSELECT "ideas".* FROM "ideas" WHERE "ideas"."id" = ? LIMIT ?[0m  [["id", 2], ["LIMIT", 1]]
  ↳ app/controllers/ideas_controller.rb:62:in `set_idea'
  [1m[36mTRANSACTION (0.1ms)[0m  [1m[36mbegin transaction[0m
  ↳ app/controllers/ideas_controller.rb:52:in `destroy'
  [1m[36mIdea Destroy (1.2ms)[0m  [1m[31mDELETE FROM "ideas" WHERE "ideas"."id" = ?[0m  [["id", 2]]
  ↳ app/controllers/ideas_controller.rb:52:in `destroy'
  [1m[36mTRANSACTION (10.3ms)[0m  [1m[36mcommit transaction[0m
  ↳ app/controllers/ideas_controller.rb:52:in `destroy'
Redirected to http://localhost:3000/ideas
Completed 302 Found in 38ms (ActiveRecord: 12.0ms | Allocations: 2698)


Started GET "/ideas" for ::1 at 2021-02-23 14:47:51 -0500
Processing by IdeasController#index as HTML
  Rendering layout layouts/application.html.erb
  Rendering ideas/index.html.erb within layouts/application
  [1m[36mIdea Load (0.2ms)[0m  [1m[34mSELECT "ideas".* FROM "ideas"[0m
  ↳ app/views/ideas/index.html.erb:16
  Rendered ideas/index.html.erb within layouts/application (Duration: 12.2ms | Allocations: 1016)
[Webpacker] Everything's up-to-date. Nothing to do
  Rendered layout layouts/application.html.erb (Duration: 54.2ms | Allocations: 5333)
Completed 200 OK in 60ms (Views: 59.7ms | ActiveRecord: 0.2ms | Allocations: 5733)


Started DELETE "/ideas/1" for ::1 at 2021-02-23 14:47:58 -0500
Processing by IdeasController#destroy as HTML
  Parameters: {"authenticity_token"=>"[FILTERED]", "id"=>"1"}
  [1m[36mIdea Load (0.2ms)[0m  [1m[34mSELECT "ideas".* FROM "ideas" WHERE "ideas"."id" = ? LIMIT ?[0m  [["id", 1], ["LIMIT", 1]]
  ↳ app/controllers/ideas_controller.rb:62:in `set_idea'
  [1m[36mTRANSACTION (0.1ms)[0m  [1m[36mbegin transaction[0m
  ↳ app/controllers/ideas_controller.rb:52:in `destroy'
  [1m[36mIdea Destroy (0.9ms)[0m  [1m[31mDELETE FROM "ideas" WHERE "ideas"."id" = ?[0m  [["id", 1]]
  ↳ app/controllers/ideas_controller.rb:52:in `destroy'
  [1m[36mTRANSACTION (10.6ms)[0m  [1m[36mcommit transaction[0m
  ↳ app/controllers/ideas_controller.rb:52:in `destroy'
Redirected to http://localhost:3000/ideas
Completed 302 Found in 32ms (ActiveRecord: 11.8ms | Allocations: 2652)


Started GET "/ideas" for ::1 at 2021-02-23 14:47:58 -0500
Processing by IdeasController#index as HTML
  Rendering layout layouts/application.html.erb
  Rendering ideas/index.html.erb within layouts/application
  [1m[36mIdea Load (0.2ms)[0m  [1m[34mSELECT "ideas".* FROM "ideas"[0m
  ↳ app/views/ideas/index.html.erb:16
  Rendered ideas/index.html.erb within layouts/application (Duration: 6.1ms | Allocations: 895)
[Webpacker] Everything's up-to-date. Nothing to do
  Rendered layout layouts/application.html.erb (Duration: 52.3ms | Allocations: 5209)
Completed 200 OK in 54ms (Views: 53.4ms | ActiveRecord: 0.2ms | Allocations: 5607)


Started GET "/ideas/new" for ::1 at 2021-02-23 14:48:05 -0500
Processing by IdeasController#new as HTML
  Rendering layout layouts/application.html.erb
  Rendering ideas/new.html.erb within layouts/application
  Rendered ideas/_form.html.erb (Duration: 2.3ms | Allocations: 854)
  Rendered ideas/new.html.erb within layouts/application (Duration: 4.1ms | Allocations: 961)
[Webpacker] Everything's up-to-date. Nothing to do
  Rendered layout layouts/application.html.erb (Duration: 52.8ms | Allocations: 5273)
Completed 200 OK in 55ms (Views: 54.1ms | ActiveRecord: 0.0ms | Allocations: 5668)


Started GET "/ideas" for ::1 at 2021-02-23 14:52:36 -0500
Processing by IdeasController#index as HTML
  Rendering layout layouts/application.html.erb
  Rendering ideas/index.html.erb within layouts/application
  [1m[36mIdea Load (0.3ms)[0m  [1m[34mSELECT "ideas".* FROM "ideas"[0m
  ↳ app/views/ideas/index.html.erb:16
  Rendered ideas/index.html.erb within layouts/application (Duration: 10.4ms | Allocations: 1155)
[Webpacker] Everything's up-to-date. Nothing to do
  Rendered layout layouts/application.html.erb (Duration: 71.6ms | Allocations: 5714)
Completed 200 OK in 88ms (Views: 85.3ms | ActiveRecord: 0.3ms | Allocations: 6822)


Started GET "/ideas/3/edit" for ::1 at 2021-02-23 14:52:56 -0500
Processing by IdeasController#edit as HTML
  Parameters: {"id"=>"3"}
  [1m[36mIdea Load (0.2ms)[0m  [1m[34mSELECT "ideas".* FROM "ideas" WHERE "ideas"."id" = ? LIMIT ?[0m  [["id", 3], ["LIMIT", 1]]
  ↳ app/controllers/ideas_controller.rb:62:in `set_idea'
  Rendering layout layouts/application.html.erb
  Rendering ideas/edit.html.erb within layouts/application
  Rendered ideas/_form.html.erb (Duration: 1.8ms | Allocations: 1237)
  Rendered ideas/edit.html.erb within layouts/application (Duration: 3.8ms | Allocations: 1621)
[Webpacker] Everything's up-to-date. Nothing to do
  Rendered layout layouts/application.html.erb (Duration: 43.6ms | Allocations: 5935)
Completed 200 OK in 52ms (Views: 44.8ms | ActiveRecord: 0.2ms | Allocations: 6990)


Started PATCH "/ideas/3" for ::1 at 2021-02-23 14:55:49 -0500
Processing by IdeasController#update as HTML
  Parameters: {"authenticity_token"=>"[FILTERED]", "idea"=>{"name"=>"Therify Team", "description"=>"1. We offer speeding dating to identify your favorite therapist. \r\n2. We schedule all your meetings based on your availability and integrate with your calendar. \r\n3. We offer one-click cancellation if you no longer need our service. "}, "commit"=>"Update Idea", "id"=>"3"}
  [1m[36mIdea Load (0.2ms)[0m  [1m[34mSELECT "ideas".* FROM "ideas" WHERE "ideas"."id" = ? LIMIT ?[0m  [["id", 3], ["LIMIT", 1]]
  ↳ app/controllers/ideas_controller.rb:62:in `set_idea'
  [1m[36mTRANSACTION (0.1ms)[0m  [1m[36mbegin transaction[0m
  ↳ app/controllers/ideas_controller.rb:40:in `block in update'
  [1m[36mIdea Update (1.0ms)[0m  [1m[33mUPDATE "ideas" SET "description" = ?, "updated_at" = ? WHERE "ideas"."id" = ?[0m  [["description", "1. We offer speeding dating to identify your favorite therapist. \r\n2. We schedule all your meetings based on your availability and integrate with your calendar. \r\n3. We offer one-click cancellation if you no longer need our service. "], ["updated_at", "2021-02-23 19:55:49.758975"], ["id", 3]]
  ↳ app/controllers/ideas_controller.rb:40:in `block in update'
  [1m[36mTRANSACTION (9.4ms)[0m  [1m[36mcommit transaction[0m
  ↳ app/controllers/ideas_controller.rb:40:in `block in update'
Redirected to http://localhost:3000/ideas/3
Completed 302 Found in 33ms (ActiveRecord: 10.7ms | Allocations: 3352)


Started GET "/ideas/3" for ::1 at 2021-02-23 14:55:49 -0500
Processing by IdeasController#show as HTML
  Parameters: {"id"=>"3"}
  [1m[36mIdea Load (0.2ms)[0m  [1m[34mSELECT "ideas".* FROM "ideas" WHERE "ideas"."id" = ? LIMIT ?[0m  [["id", 3], ["LIMIT", 1]]
  ↳ app/controllers/ideas_controller.rb:62:in `set_idea'
  Rendering layout layouts/application.html.erb
  Rendering ideas/show.html.erb within layouts/application
  Rendered ideas/show.html.erb within layouts/application (Duration: 1.5ms | Allocations: 372)
[Webpacker] Everything's up-to-date. Nothing to do
  Rendered layout layouts/application.html.erb (Duration: 50.2ms | Allocations: 4690)
Completed 200 OK in 59ms (Views: 52.8ms | ActiveRecord: 0.2ms | Allocations: 5754)


Started GET "/ideas/3" for ::1 at 2021-02-23 14:55:52 -0500
Processing by IdeasController#show as HTML
  Parameters: {"id"=>"3"}
  [1m[36mIdea Load (0.2ms)[0m  [1m[34mSELECT "ideas".* FROM "ideas" WHERE "ideas"."id" = ? LIMIT ?[0m  [["id", 3], ["LIMIT", 1]]
  ↳ app/controllers/ideas_controller.rb:62:in `set_idea'
  Rendering layout layouts/application.html.erb
  Rendering ideas/show.html.erb within layouts/application
  Rendered ideas/show.html.erb within layouts/application (Duration: 1.1ms | Allocations: 190)
[Webpacker] Everything's up-to-date. Nothing to do
  Rendered layout layouts/application.html.erb (Duration: 41.9ms | Allocations: 4504)
Completed 200 OK in 52ms (Views: 44.5ms | ActiveRecord: 0.2ms | Allocations: 5429)


Started GET "/ideas/3" for ::1 at 2021-02-23 14:55:54 -0500
Processing by IdeasController#show as HTML
  Parameters: {"id"=>"3"}
  [1m[36mIdea Load (0.4ms)[0m  [1m[34mSELECT "ideas".* FROM "ideas" WHERE "ideas"."id" = ? LIMIT ?[0m  [["id", 3], ["LIMIT", 1]]
  ↳ app/controllers/ideas_controller.rb:62:in `set_idea'
  Rendering layout layouts/application.html.erb
  Rendering ideas/show.html.erb within layouts/application
  Rendered ideas/show.html.erb within layouts/application (Duration: 1.0ms | Allocations: 191)
[Webpacker] Everything's up-to-date. Nothing to do
  Rendered layout layouts/application.html.erb (Duration: 50.4ms | Allocations: 4504)
Completed 200 OK in 56ms (Views: 51.6ms | ActiveRecord: 0.4ms | Allocations: 5429)


Started GET "/ideas/3" for ::1 at 2021-02-23 14:55:55 -0500
Processing by IdeasController#show as HTML
  Parameters: {"id"=>"3"}
  [1m[36mIdea Load (0.2ms)[0m  [1m[34mSELECT "ideas".* FROM "ideas" WHERE "ideas"."id" = ? LIMIT ?[0m  [["id", 3], ["LIMIT", 1]]
  ↳ app/controllers/ideas_controller.rb:62:in `set_idea'
  Rendering layout layouts/application.html.erb
  Rendering ideas/show.html.erb within layouts/application
  Rendered ideas/show.html.erb within layouts/application (Duration: 1.0ms | Allocations: 190)
[Webpacker] Everything's up-to-date. Nothing to do
  Rendered layout layouts/application.html.erb (Duration: 45.7ms | Allocations: 4506)
Completed 200 OK in 55ms (Views: 50.0ms | ActiveRecord: 0.2ms | Allocations: 5430)


Started GET "/ideas" for ::1 at 2021-02-23 14:55:56 -0500
Processing by IdeasController#index as HTML
  Rendering layout layouts/application.html.erb
  Rendering ideas/index.html.erb within layouts/application
  [1m[36mIdea Load (0.2ms)[0m  [1m[34mSELECT "ideas".* FROM "ideas"[0m
  ↳ app/views/ideas/index.html.erb:16
  Rendered ideas/index.html.erb within layouts/application (Duration: 4.8ms | Allocations: 896)
[Webpacker] Everything's up-to-date. Nothing to do
  Rendered layout layouts/application.html.erb (Duration: 46.4ms | Allocations: 5209)
Completed 200 OK in 49ms (Views: 48.1ms | ActiveRecord: 0.2ms | Allocations: 5602)


Started GET "/ideas" for ::1 at 2021-02-23 14:56:06 -0500
Processing by IdeasController#index as HTML
  Rendering layout layouts/application.html.erb
  Rendering ideas/index.html.erb within layouts/application
  [1m[36mIdea Load (0.3ms)[0m  [1m[34mSELECT "ideas".* FROM "ideas"[0m
  ↳ app/views/ideas/index.html.erb:16
  Rendered ideas/index.html.erb within layouts/application (Duration: 6.3ms | Allocations: 902)
[Webpacker] Everything's up-to-date. Nothing to do
  Rendered layout layouts/application.html.erb (Duration: 54.9ms | Allocations: 5220)
Completed 200 OK in 57ms (Views: 55.9ms | ActiveRecord: 0.3ms | Allocations: 5615)


Started GET "/ideas/new" for ::1 at 2021-02-23 14:56:07 -0500
Processing by IdeasController#new as HTML
  Rendering layout layouts/application.html.erb
  Rendering ideas/new.html.erb within layouts/application
  Rendered ideas/_form.html.erb (Duration: 1.3ms | Allocations: 860)
  Rendered ideas/new.html.erb within layouts/application (Duration: 2.4ms | Allocations: 1072)
[Webpacker] Everything's up-to-date. Nothing to do
  Rendered layout layouts/application.html.erb (Duration: 50.7ms | Allocations: 5387)
Completed 200 OK in 55ms (Views: 52.7ms | ActiveRecord: 0.0ms | Allocations: 5908)


Started GET "/ideas" for ::1 at 2021-02-23 14:56:09 -0500
Processing by IdeasController#index as HTML
  Rendering layout layouts/application.html.erb
  Rendering ideas/index.html.erb within layouts/application
  [1m[36mIdea Load (0.2ms)[0m  [1m[34mSELECT "ideas".* FROM "ideas"[0m
  ↳ app/views/ideas/index.html.erb:16
  Rendered ideas/index.html.erb within layouts/application (Duration: 5.1ms | Allocations: 898)
[Webpacker] Everything's up-to-date. Nothing to do
  Rendered layout layouts/application.html.erb (Duration: 56.6ms | Allocations: 5219)
Completed 200 OK in 63ms (Views: 62.3ms | ActiveRecord: 0.2ms | Allocations: 5613)


Started GET "/" for ::1 at 2021-02-23 14:56:10 -0500
Started GET "/ideas" for ::1 at 2021-02-23 14:56:10 -0500
Processing by IdeasController#index as HTML
  Rendering layout layouts/application.html.erb
  Rendering ideas/index.html.erb within layouts/application
  [1m[36mIdea Load (0.3ms)[0m  [1m[34mSELECT "ideas".* FROM "ideas"[0m
  ↳ app/views/ideas/index.html.erb:16
  Rendered ideas/index.html.erb within layouts/application (Duration: 4.7ms | Allocations: 894)
[Webpacker] Everything's up-to-date. Nothing to do
  Rendered layout layouts/application.html.erb (Duration: 43.4ms | Allocations: 5212)
Completed 200 OK in 45ms (Views: 44.5ms | ActiveRecord: 0.3ms | Allocations: 5606)


Started GET "/ideas" for ::1 at 2021-02-23 14:56:22 -0500
Processing by IdeasController#index as HTML
  Rendering layout layouts/application.html.erb
  Rendering ideas/index.html.erb within layouts/application
  [1m[36mIdea Load (0.2ms)[0m  [1m[34mSELECT "ideas".* FROM "ideas"[0m
  ↳ app/views/ideas/index.html.erb:16
  Rendered ideas/index.html.erb within layouts/application (Duration: 5.1ms | Allocations: 894)
[Webpacker] Everything's up-to-date. Nothing to do
  Rendered layout layouts/application.html.erb (Duration: 59.9ms | Allocations: 5207)
Completed 200 OK in 62ms (Views: 61.4ms | ActiveRecord: 0.2ms | Allocations: 5600)


Started GET "/ideas/3/edit" for ::1 at 2021-02-23 14:56:25 -0500
Processing by IdeasController#edit as HTML
  Parameters: {"id"=>"3"}
  [1m[36mIdea Load (0.2ms)[0m  [1m[34mSELECT "ideas".* FROM "ideas" WHERE "ideas"."id" = ? LIMIT ?[0m  [["id", 3], ["LIMIT", 1]]
  ↳ app/controllers/ideas_controller.rb:62:in `set_idea'
  Rendering layout layouts/application.html.erb
  Rendering ideas/edit.html.erb within layouts/application
  Rendered ideas/_form.html.erb (Duration: 1.4ms | Allocations: 883)
  Rendered ideas/edit.html.erb within layouts/application (Duration: 2.1ms | Allocations: 1016)
[Webpacker] Everything's up-to-date. Nothing to do
  Rendered layout layouts/application.html.erb (Duration: 46.3ms | Allocations: 5329)
Completed 200 OK in 56ms (Views: 50.6ms | ActiveRecord: 0.2ms | Allocations: 6256)


Started PATCH "/ideas/3" for ::1 at 2021-02-23 14:56:32 -0500
Processing by IdeasController#update as HTML
  Parameters: {"authenticity_token"=>"[FILTERED]", "idea"=>{"name"=>"Therify Team", "description"=>"1. We offer speeding dating to identify your favorite therapist. \r\n2. We schedule all your meetings based on your availability and integrate with your calendar. \r\n3. We offer one-click cancellation if you no longer need our service. "}, "commit"=>"Update Idea", "id"=>"3"}
  [1m[36mIdea Load (0.2ms)[0m  [1m[34mSELECT "ideas".* FROM "ideas" WHERE "ideas"."id" = ? LIMIT ?[0m  [["id", 3], ["LIMIT", 1]]
  ↳ app/controllers/ideas_controller.rb:62:in `set_idea'
Redirected to http://localhost:3000/ideas/3
Completed 302 Found in 9ms (ActiveRecord: 0.2ms | Allocations: 1287)


Started GET "/ideas/3" for ::1 at 2021-02-23 14:56:32 -0500
Processing by IdeasController#show as HTML
  Parameters: {"id"=>"3"}
  [1m[36mIdea Load (0.2ms)[0m  [1m[34mSELECT "ideas".* FROM "ideas" WHERE "ideas"."id" = ? LIMIT ?[0m  [["id", 3], ["LIMIT", 1]]
  ↳ app/controllers/ideas_controller.rb:62:in `set_idea'
  Rendering layout layouts/application.html.erb
  Rendering ideas/show.html.erb within layouts/application
  Rendered ideas/show.html.erb within layouts/application (Duration: 1.0ms | Allocations: 192)
[Webpacker] Everything's up-to-date. Nothing to do
  Rendered layout layouts/application.html.erb (Duration: 50.4ms | Allocations: 4506)
Completed 200 OK in 59ms (Views: 53.1ms | ActiveRecord: 0.2ms | Allocations: 5441)


Started GET "/ideas" for ::1 at 2021-02-23 14:56:37 -0500
Processing by IdeasController#index as HTML
  Rendering layout layouts/application.html.erb
  Rendering ideas/index.html.erb within layouts/application
  [1m[36mIdea Load (0.2ms)[0m  [1m[34mSELECT "ideas".* FROM "ideas"[0m
  ↳ app/views/ideas/index.html.erb:16
  Rendered ideas/index.html.erb within layouts/application (Duration: 3.8ms | Allocations: 894)
[Webpacker] Everything's up-to-date. Nothing to do
  Rendered layout layouts/application.html.erb (Duration: 41.3ms | Allocations: 5207)
Completed 200 OK in 43ms (Views: 42.6ms | ActiveRecord: 0.2ms | Allocations: 5600)


Started GET "/" for ::1 at 2021-02-23 14:56:38 -0500
Started GET "/ideas" for ::1 at 2021-02-23 14:56:38 -0500
Processing by IdeasController#index as HTML
  Rendering layout layouts/application.html.erb
  Rendering ideas/index.html.erb within layouts/application
  [1m[36mIdea Load (0.2ms)[0m  [1m[34mSELECT "ideas".* FROM "ideas"[0m
  ↳ app/views/ideas/index.html.erb:16
  Rendered ideas/index.html.erb within layouts/application (Duration: 4.4ms | Allocations: 894)
[Webpacker] Everything's up-to-date. Nothing to do
  Rendered layout layouts/application.html.erb (Duration: 40.3ms | Allocations: 5208)
Completed 200 OK in 42ms (Views: 41.6ms | ActiveRecord: 0.2ms | Allocations: 5601)


Started GET "/ideas" for ::1 at 2021-02-23 14:56:40 -0500
Processing by IdeasController#index as HTML
  Rendering layout layouts/application.html.erb
  Rendering ideas/index.html.erb within layouts/application
  [1m[36mIdea Load (0.3ms)[0m  [1m[34mSELECT "ideas".* FROM "ideas"[0m
  ↳ app/views/ideas/index.html.erb:16
  Rendered ideas/index.html.erb within layouts/application (Duration: 4.8ms | Allocations: 894)
[Webpacker] Everything's up-to-date. Nothing to do
  Rendered layout layouts/application.html.erb (Duration: 54.4ms | Allocations: 5207)
Completed 200 OK in 61ms (Views: 60.5ms | ActiveRecord: 0.3ms | Allocations: 5600)


Started GET "/ideas" for ::1 at 2021-02-23 14:57:42 -0500
Processing by IdeasController#index as HTML
  Rendering layout layouts/application.html.erb
  Rendering ideas/index.html.erb within layouts/application
  [1m[36mIdea Load (0.2ms)[0m  [1m[34mSELECT "ideas".* FROM "ideas"[0m
  ↳ app/views/ideas/index.html.erb:16
  Rendered ideas/index.html.erb within layouts/application (Duration: 4.9ms | Allocations: 894)
[Webpacker] Everything's up-to-date. Nothing to do
  Rendered layout layouts/application.html.erb (Duration: 42.7ms | Allocations: 5211)
Completed 200 OK in 50ms (Views: 48.9ms | ActiveRecord: 0.2ms | Allocations: 5601)


Started GET "/ideas" for ::1 at 2021-02-23 17:04:26 -0500
  [1m[35m (13.0ms)[0m  [1m[34mSELECT sqlite_version(*)[0m
  [1m[35m (0.2ms)[0m  [1m[34mSELECT "schema_migrations"."version" FROM "schema_migrations" ORDER BY "schema_migrations"."version" ASC[0m
Processing by IdeasController#index as HTML
  Rendering layout layouts/application.html.erb
  Rendering ideas/index.html.erb within layouts/application
  [1m[36mIdea Load (0.3ms)[0m  [1m[34mSELECT "ideas".* FROM "ideas"[0m
  ↳ app/views/ideas/index.html.erb:19
  Rendered ideas/index.html.erb within layouts/application (Duration: 61.8ms | Allocations: 7941)
  Rendered layout layouts/application.html.erb (Duration: 63.8ms | Allocations: 8010)
Completed 500 Internal Server Error in 217ms (ActiveRecord: 1.0ms | Allocations: 11843)


  
ActionView::Template::Error (undefined method `Education' for #<Idea:0x0000000009206378>):
    19:     <% @ideas.each do |idea| %>
    20:       <tr>
    21:         <td><%= idea.name %></td>
    22:         <td><%= idea.Education %></td>
    23:         <td><%= idea.Insurance %></td>
    24:         <td><%= idea.Experience %></td>
    25:         <td><%= idea.Therapy Types %></td>
  
app/views/ideas/index.html.erb:22
app/views/ideas/index.html.erb:19
Started GET "/ideas" for ::1 at 2021-02-23 17:36:10 -0500
Processing by IdeasController#index as HTML
  Rendering layout layouts/application.html.erb
  Rendering ideas/index.html.erb within layouts/application
  [1m[35m (0.7ms)[0m  [1m[34mSELECT sqlite_version(*)[0m
  ↳ app/views/ideas/index.html.erb:19
  [1m[36mIdea Load (1.3ms)[0m  [1m[34mSELECT "ideas".* FROM "ideas"[0m
  ↳ app/views/ideas/index.html.erb:19
  Rendered ideas/index.html.erb within layouts/application (Duration: 58.9ms | Allocations: 4868)
  Rendered layout layouts/application.html.erb (Duration: 65.0ms | Allocations: 4933)
Completed 500 Internal Server Error in 109ms (ActiveRecord: 8.0ms | Allocations: 6057)


  
ActionView::Template::Error (undefined method `education' for #<Idea:0x000000000e048720>):
    19:     <% @ideas.each do |idea| %>
    20:       <tr>
    21:         <td><%= idea.name %></td>
    22:         <td><%= idea.education %></td>
    23:         <td><%= idea.insurance %></td>
    24:         <td><%= idea.experience %></td>
    25:         <td><%= idea.therapy Types %></td>
  
app/views/ideas/index.html.erb:22
app/views/ideas/index.html.erb:19
Started GET "/ideas" for ::1 at 2021-02-23 17:36:19 -0500
Processing by IdeasController#index as HTML
  Rendering layout layouts/application.html.erb
  Rendering ideas/index.html.erb within layouts/application
  [1m[36mIdea Load (0.2ms)[0m  [1m[34mSELECT "ideas".* FROM "ideas"[0m
  ↳ app/views/ideas/index.html.erb:19
  Rendered ideas/index.html.erb within layouts/application (Duration: 15.3ms | Allocations: 3804)
  Rendered layout layouts/application.html.erb (Duration: 20.6ms | Allocations: 3869)
Completed 500 Internal Server Error in 26ms (ActiveRecord: 0.2ms | Allocations: 4244)


  
ActionView::Template::Error (undefined method `education' for #<Idea:0x000000000d394b28>):
    19:     <% @ideas.each do |idea| %>
    20:       <tr>
    21:         <td><%= idea.name %></td>
    22:         <td><%= idea.education %></td>
    23:         <td><%= idea.insurance %></td>
    24:         <td><%= idea.experience %></td>
    25:         <td><%= idea.therapy Types %></td>
  
app/views/ideas/index.html.erb:22
app/views/ideas/index.html.erb:19
Started GET "/ideas" for ::1 at 2021-02-23 17:42:11 -0500
  
SyntaxError (C:/Users/gayat/project/Therifynew/app/controllers/ideas_controller.rb:67: syntax error, unexpected local variable or method, expecting ')'
...nce, :experience,:therapy types, :picture)
...                          ^~~~~
C:/Users/gayat/project/Therifynew/app/controllers/ideas_controller.rb:67: syntax error, unexpected ')', expecting '.' or &. or :: or '['
...ience,:therapy types, :picture)
...                              ^
):
  
app/controllers/ideas_controller.rb:67: syntax error, unexpected local variable or method, expecting ')'
app/controllers/ideas_controller.rb:67: syntax error, unexpected ')', expecting '.' or &. or :: or '['
app/controllers/ideas_controller.rb:67: syntax error, unexpected local variable or method, expecting ')'
app/controllers/ideas_controller.rb:67: syntax error, unexpected ')', expecting '.' or &. or :: or '['
app/controllers/ideas_controller.rb:67: syntax error, unexpected local variable or method, expecting ')'
app/controllers/ideas_controller.rb:67: syntax error, unexpected ')', expecting '.' or &. or :: or '['
Started GET "/ideas" for ::1 at 2021-02-23 17:42:47 -0500
  
SyntaxError (C:/Users/gayat/project/Therifynew/app/controllers/ideas_controller.rb:67: syntax error, unexpected local variable or method, expecting ')'
...ce, :experience, :therapy types, :picture)
...                          ^~~~~
C:/Users/gayat/project/Therifynew/app/controllers/ideas_controller.rb:67: syntax error, unexpected ')', expecting '.' or &. or :: or '['
...ence, :therapy types, :picture)
...                              ^
):
  
app/controllers/ideas_controller.rb:67: syntax error, unexpected local variable or method, expecting ')'
app/controllers/ideas_controller.rb:67: syntax error, unexpected ')', expecting '.' or &. or :: or '['
app/controllers/ideas_controller.rb:67: syntax error, unexpected local variable or method, expecting ')'
app/controllers/ideas_controller.rb:67: syntax error, unexpected ')', expecting '.' or &. or :: or '['
app/controllers/ideas_controller.rb:67: syntax error, unexpected local variable or method, expecting ')'
app/controllers/ideas_controller.rb:67: syntax error, unexpected ')', expecting '.' or &. or :: or '['
Started GET "/ideas" for ::1 at 2021-02-23 17:44:05 -0500
Processing by IdeasController#index as HTML
  Rendering layout layouts/application.html.erb
  Rendering ideas/index.html.erb within layouts/application
  [1m[35m (0.2ms)[0m  [1m[34mSELECT sqlite_version(*)[0m
  ↳ app/views/ideas/index.html.erb:19
  [1m[36mIdea Load (0.7ms)[0m  [1m[34mSELECT "ideas".* FROM "ideas"[0m
  ↳ app/views/ideas/index.html.erb:19
  Rendered ideas/index.html.erb within layouts/application (Duration: 40.6ms | Allocations: 6940)
  Rendered layout layouts/application.html.erb (Duration: 42.7ms | Allocations: 7004)
Completed 500 Internal Server Error in 61ms (ActiveRecord: 2.0ms | Allocations: 8543)


  
ActionView::Template::Error (undefined method `education' for #<Idea:0x0000000009144408>):
    19:     <% @ideas.each do |idea| %>
    20:       <tr>
    21:         <td><%= idea.name %></td>
    22:         <td><%= idea.education %></td>
    23:         <td><%= idea.insurance %></td>
    24:         <td><%= idea.experience %></td>
    25:         <td><%= idea.therapy Types %></td>
  
app/views/ideas/index.html.erb:22
app/views/ideas/index.html.erb:19
